#
# There is insufficient memory for the Java Runtime Environment to continue.
# Native memory allocation (mmap) failed to map 257949696 bytes for G1 virtual space
# Possible reasons:
#   The system is out of physical RAM or swap space
#   The process is running with CompressedOops enabled, and the Java Heap may be blocking the growth of the native heap
# Possible solutions:
#   Reduce memory load on the system
#   Increase physical memory or swap space
#   Check if swap backing store is full
#   Decrease Java heap size (-Xmx/-Xms)
#   Decrease number of Java threads
#   Decrease Java thread stack sizes (-Xss)
#   Set larger code cache with -XX:ReservedCodeCacheSize=
#   JVM is running with Zero Based Compressed Oops mode in which the Java heap is
#     placed in the first 32GB address space. The Java Heap base address is the
#     maximum limit for the native heap growth. Please use -XX:HeapBaseMinAddress
#     to set the Java Heap base and to place the Java Heap above 32GB virtual address.
# This output file may be truncated or incomplete.
#
#  Out of Memory Error (os_windows.cpp:3548), pid=24500, tid=22872
#
# JRE version:  (17.0.11+7) (build )
# Java VM: Java HotSpot(TM) 64-Bit Server VM (17.0.11+7-LTS-207, mixed mode, sharing, tiered, compressed oops, compressed class ptrs, g1 gc, windows-amd64)
# No core dump will be written. Minidumps are not enabled by default on client versions of Windows
#

---------------  S U M M A R Y ------------

Command Line: -Dfile.encoding=UTF-8 -Dstdout.encoding=UTF-8 -Dstderr.encoding=UTF-8 -XX:+ShowCodeDetailsInExceptionMessages com.infosys.JdbcTemplateDemo.App

Host: AMD Ryzen 5 5500U with Radeon Graphics         , 12 cores, 15G,  Windows 11 , 64 bit Build 22621 (10.0.22621.3527)
Time: Sat Jun  8 11:48:06 2024 India Standard Time elapsed time: 0.012367 seconds (0d 0h 0m 0s)

---------------  T H R E A D  ---------------

Current thread (0x0000020c026f0930):  JavaThread "Unknown thread" [_thread_in_vm, id=22872, stack(0x00000072bab00000,0x00000072bac00000)]

Stack: [0x00000072bab00000,0x00000072bac00000]
Native frames: (J=compiled Java code, j=interpreted, Vv=VM code, C=native code)
V  [jvm.dll+0x679cca]
V  [jvm.dll+0x7da13d]
V  [jvm.dll+0x7dba83]
V  [jvm.dll+0x7dc0f3]
V  [jvm.dll+0x2449af]
V  [jvm.dll+0x676ce9]
V  [jvm.dll+0x66b852]
V  [jvm.dll+0x3018d6]
V  [jvm.dll+0x308e76]
V  [jvm.dll+0x3596ee]
V  [jvm.dll+0x35991f]
V  [jvm.dll+0x2d89a8]
V  [jvm.dll+0x2d9914]
V  [jvm.dll+0x7ac6b1]
V  [jvm.dll+0x366f61]
V  [jvm.dll+0x78b609]
V  [jvm.dll+0x3ec22f]
V  [jvm.dll+0x3ede61]
C  [jli.dll+0x5297]
C  [ucrtbase.dll+0x29333]
C  [KERNEL32.DLL+0x1257d]
C  [ntdll.dll+0x5aa48]


---------------  P R O C E S S  ---------------

Threads class SMR info:
_java_thread_list=0x00007ffb98457a18, length=0, elements={
}

Java Threads: ( => current thread )

Other Threads:
  0x0000020c0275b350 GCTaskThread "GC Thread#0" [stack: 0x00000072bac00000,0x00000072bad00000] [id=13628]
  0x0000020c0276b820 ConcurrentGCThread "G1 Main Marker" [stack: 0x00000072bad00000,0x00000072bae00000] [id=24484]
  0x0000020c0276c9d0 ConcurrentGCThread "G1 Conc#0" [stack: 0x00000072bae00000,0x00000072baf00000] [id=22148]

[error occurred during error reporting (printing all threads), id 0xc0000005, EXCEPTION_ACCESS_VIOLATION (0xc0000005) at pc=0x00007ffb97c89497]

VM state: not at safepoint (not fully initialized)

VM Mutex/Monitor currently owned by a thread:  ([mutex/lock_event])
[0x0000020c026edad0] Heap_lock - owner thread: 0x0000020c026f0930

Heap address: 0x000000070a800000, size: 3928 MB, Compressed Oops mode: Zero based, Oop shift amount: 3

CDS archive(s) mapped at: [0x0000000000000000-0x0000000000000000-0x0000000000000000), size 0, SharedBaseAddress: 0x0000000800000000, ArchiveRelocationMode: 1.
Narrow klass base: 0x0000000000000000, Narrow klass shift: 0, Narrow klass range: 0x0

GC Precious Log:
<Empty>

Heap:
 garbage-first heap   total 0K, used 0K [0x000000070a800000, 0x0000000800000000)
  region size 2048K, 0 young (0K), 0 survivors (0K)

[error occurred during error reporting (printing heap information), id 0xc0000005, EXCEPTION_ACCESS_VIOLATION (0xc0000005) at pc=0x00007ffb98073559]

GC Heap History (0 events):
No events

Deoptimization events (0 events):
No events

Classes unloaded (0 events):
No events

Classes redefined (0 events):
No events

Internal exceptions (0 events):
No events

VM Operations (0 events):
No events

Events (1 events):
Event: 0.008 Loaded shared library C:\Program Files\Java\jdk-17\bin\java.dll


Dynamic libraries:
0x00007ff64cf00000 - 0x00007ff64cf10000 	C:\Program Files\Java\jdk-17\bin\javaw.exe
0x00007ffc5d350000 - 0x00007ffc5d567000 	C:\Windows\SYSTEM32\ntdll.dll
0x00007ffc5bfe0000 - 0x00007ffc5c0a4000 	C:\Windows\System32\KERNEL32.DLL
0x00007ffc5abb0000 - 0x00007ffc5af57000 	C:\Windows\System32\KERNELBASE.dll
0x00007ffc5af60000 - 0x00007ffc5b071000 	C:\Windows\System32\ucrtbase.dll
0x00007ffc39480000 - 0x00007ffc39499000 	C:\Program Files\Java\jdk-17\bin\jli.dll
0x00007ffc5bd60000 - 0x00007ffc5be12000 	C:\Windows\System32\ADVAPI32.dll
0x00007ffbf9690000 - 0x00007ffbf96ab000 	C:\Program Files\Java\jdk-17\bin\VCRUNTIME140.dll
0x00007ffc5c250000 - 0x00007ffc5c2f7000 	C:\Windows\System32\msvcrt.dll
0x00007ffc5d250000 - 0x00007ffc5d2f8000 	C:\Windows\System32\sechost.dll
0x00007ffc5a6e0000 - 0x00007ffc5a708000 	C:\Windows\System32\bcrypt.dll
0x00007ffc5c490000 - 0x00007ffc5c5a5000 	C:\Windows\System32\RPCRT4.dll
0x00007ffc5be20000 - 0x00007ffc5bfce000 	C:\Windows\System32\USER32.dll
0x00007ffc5a9e0000 - 0x00007ffc5aa06000 	C:\Windows\System32\win32u.dll
0x00007ffc5ba80000 - 0x00007ffc5baa9000 	C:\Windows\System32\GDI32.dll
0x00007ffc5aa90000 - 0x00007ffc5aba9000 	C:\Windows\System32\gdi32full.dll
0x00007ffc4a6a0000 - 0x00007ffc4a933000 	C:\Windows\WinSxS\amd64_microsoft.windows.common-controls_6595b64144ccf1df_6.0.22621.3527_none_270e469b73872a76\COMCTL32.dll
0x00007ffc5a880000 - 0x00007ffc5a91a000 	C:\Windows\System32\msvcp_win.dll
0x00007ffc4ecd0000 - 0x00007ffc4ecda000 	C:\Windows\SYSTEM32\VERSION.dll
0x00007ffc5ba40000 - 0x00007ffc5ba71000 	C:\Windows\System32\IMM32.DLL
0x00007ffc3bce0000 - 0x00007ffc3bcec000 	C:\Program Files\Java\jdk-17\bin\vcruntime140_1.dll
0x00007ffb80170000 - 0x00007ffb801fe000 	C:\Program Files\Java\jdk-17\bin\msvcp140.dll
0x00007ffb979a0000 - 0x00007ffb98580000 	C:\Program Files\Java\jdk-17\bin\server\jvm.dll
0x00007ffc5c400000 - 0x00007ffc5c408000 	C:\Windows\System32\PSAPI.DLL
0x00007ffc34d40000 - 0x00007ffc34d49000 	C:\Windows\SYSTEM32\WSOCK32.dll
0x00007ffc5c410000 - 0x00007ffc5c481000 	C:\Windows\System32\WS2_32.dll
0x00007ffc57320000 - 0x00007ffc57354000 	C:\Windows\SYSTEM32\WINMM.dll
0x00007ffc59670000 - 0x00007ffc59688000 	C:\Windows\SYSTEM32\kernel.appcore.dll
0x00007ffc574e0000 - 0x00007ffc574ea000 	C:\Program Files\Java\jdk-17\bin\jimage.dll
0x00007ffc57ed0000 - 0x00007ffc58102000 	C:\Windows\SYSTEM32\DBGHELP.DLL
0x00007ffc5c910000 - 0x00007ffc5cc98000 	C:\Windows\System32\combase.dll
0x00007ffc5ccf0000 - 0x00007ffc5cdc7000 	C:\Windows\System32\OLEAUT32.dll
0x00007ffc572e0000 - 0x00007ffc57312000 	C:\Windows\SYSTEM32\dbgcore.DLL
0x00007ffc5aa10000 - 0x00007ffc5aa89000 	C:\Windows\System32\bcryptPrimitives.dll
0x00007ffc13c70000 - 0x00007ffc13c95000 	C:\Program Files\Java\jdk-17\bin\java.dll

dbghelp: loaded successfully - version: 4.0.5 - missing functions: none
symbol engine: initialized successfully - sym options: 0x614 - pdb path: .;C:\Program Files\Java\jdk-17\bin;C:\Windows\SYSTEM32;C:\Windows\WinSxS\amd64_microsoft.windows.common-controls_6595b64144ccf1df_6.0.22621.3527_none_270e469b73872a76;C:\Program Files\Java\jdk-17\bin\server

VM Arguments:
jvm_args: -Dfile.encoding=UTF-8 -Dstdout.encoding=UTF-8 -Dstderr.encoding=UTF-8 -XX:+ShowCodeDetailsInExceptionMessages 
java_command: com.infosys.JdbcTemplateDemo.App
java_class_path (initial): D:\workspace\JdbcTemplateDemo\target\classes;C:\Users\aayus\.m2\repository\org\springframework\spring-context\6.1.6\spring-context-6.1.6.jar;C:\Users\aayus\.m2\repository\org\springframework\spring-aop\6.1.6\spring-aop-6.1.6.jar;C:\Users\aayus\.m2\repository\org\springframework\spring-beans\6.1.6\spring-beans-6.1.6.jar;C:\Users\aayus\.m2\repository\org\springframework\spring-core\6.1.6\spring-core-6.1.6.jar;C:\Users\aayus\.m2\repository\org\springframework\spring-jcl\6.1.6\spring-jcl-6.1.6.jar;C:\Users\aayus\.m2\repository\org\springframework\spring-expression\6.1.6\spring-expression-6.1.6.jar;C:\Users\aayus\.m2\repository\io\micrometer\micrometer-observation\1.12.5\micrometer-observation-1.12.5.jar;C:\Users\aayus\.m2\repository\io\micrometer\micrometer-commons\1.12.5\micrometer-commons-1.12.5.jar;C:\Users\aayus\.m2\repository\org\springframework\spring-jdbc\6.1.6\spring-jdbc-6.1.6.jar;C:\Users\aayus\.m2\repository\org\springframework\spring-tx\6.1.6\spring-tx-6.1.6.jar;C:\Users\aayus\.m2\repository\org\postgresql\postgresql\42.7.3\postgresql-42.7.3.jar;C:\Users\aayus\.m2\repository\org\checkerframework\checker-qual\3.42.0\checker-qual-3.42.0.jar
Launcher Type: SUN_STANDARD

[Global flags]
     intx CICompilerCount                          = 4                                         {product} {ergonomic}
     uint ConcGCThreads                            = 3                                         {product} {ergonomic}
     uint G1ConcRefinementThreads                  = 10                                        {product} {ergonomic}
   size_t G1HeapRegionSize                         = 2097152                                   {product} {ergonomic}
    uintx GCDrainStackTargetSize                   = 64                                        {product} {ergonomic}
   size_t InitialHeapSize                          = 257949696                                 {product} {ergonomic}
   size_t MarkStackSize                            = 4194304                                   {product} {ergonomic}
   size_t MaxHeapSize                              = 4118806528                                {product} {ergonomic}
   size_t MinHeapDeltaBytes                        = 2097152                                   {product} {ergonomic}
   size_t MinHeapSize                              = 8388608                                   {product} {ergonomic}
    uintx NonNMethodCodeHeapSize                   = 5839372                                {pd product} {ergonomic}
    uintx NonProfiledCodeHeapSize                  = 122909434                              {pd product} {ergonomic}
    uintx ProfiledCodeHeapSize                     = 122909434                              {pd product} {ergonomic}
    uintx ReservedCodeCacheSize                    = 251658240                              {pd product} {ergonomic}
     bool SegmentedCodeCache                       = true                                      {product} {ergonomic}
     bool ShowCodeDetailsInExceptionMessages       = true                                   {manageable} {command line}
   size_t SoftMaxHeapSize                          = 4118806528                             {manageable} {ergonomic}
     bool UseCompressedClassPointers               = true                           {product lp64_product} {ergonomic}
     bool UseCompressedOops                        = true                           {product lp64_product} {ergonomic}
     bool UseG1GC                                  = true                                      {product} {ergonomic}
     bool UseLargePagesIndividualAllocation        = false                                  {pd product} {ergonomic}

Logging:
Log output configuration:
 #0: stdout all=warning uptime,level,tags
 #1: stderr all=off uptime,level,tags

Environment Variables:
PATH=C:/Program Files/Java/jdk-17/bin/server;C:/Program Files/Java/jdk-17/bin;C:\Program Files\Common Files\Oracle\Java\javapath;C:\Windows\system32;C:\Windows;C:\Windows\System32\Wbem;C:\Windows\System32\WindowsPowerShell\v1.0\;C:\Windows\System32\OpenSSH\;C:\Program Files\nodejs\;D:\software\mongodb-windows-x86_64-7.0.5\mongodb-win32-x86_64-windows-7.0.5\bin;D:\software\mongosh-2.1.1-win32-x64\mongosh-2.1.1-win32-x64\bin;C:\Users\aayus\AppData\Local\Programs\Python\Python312\;C:\Program Files\Java\jdk-17\bin;C:\Program Files\MySQL\MySQL Shell 8.0\bin\;C:\Users\aayus\AppData\Local\Microsoft\WindowsApps;C:\Program Files\Java\jdk-17\bin;C:\Users\aayus\AppData\Local\Programs\Microsoft VS Code\bin;C:\Users\aayus\AppData\Roaming\npm;C:\Program Files\nodejs;D:\software\mongodb-windows-x86_64-7.0.5\mongodb-win32-x86_64-windows-7.0.5\bin;D:\software\mongosh-2.1.1-win32-x64\mongosh-2.1.1-win32-x64\bin;C:\Users\aayus\AppData\Local\Programs\Python\Python312\;;C:\Windows\System32;
USERNAME=aayus
OS=Windows_NT
PROCESSOR_IDENTIFIER=AMD64 Family 23 Model 104 Stepping 1, AuthenticAMD



---------------  S Y S T E M  ---------------

OS:
 Windows 11 , 64 bit Build 22621 (10.0.22621.3527)
OS uptime: 12 days 22:26 hours
Hyper-V role detected

CPU: total 12 (initial active 12) (12 cores per cpu, 2 threads per core) family 23 model 104 stepping 1 microcode 0x0, cx8, cmov, fxsr, ht, mmx, 3dnowpref, sse, sse2, sse3, ssse3, sse4a, sse4.1, sse4.2, popcnt, lzcnt, tsc, tscinvbit, avx, avx2, aes, clmul, bmi1, bmi2, adx, sha, fma, vzeroupper, clflush, clflushopt, hv

Memory: 4k page, system-wide physical 15709M (7645M free)
TotalPageFile size 32953M (AvailPageFile size 218M)
current process WorkingSet (physical memory assigned to process): 11M, peak: 11M
current process commit charge ("private bytes"): 64M, peak: 310M

vm_info: Java HotSpot(TM) 64-Bit Server VM (17.0.11+7-LTS-207) for windows-amd64 JRE (17.0.11+7-LTS-207), built on Mar 11 2024 19:01:50 by "mach5one" with MS VC++ 17.6 (VS2022)

END.
