#
# There is insufficient memory for the Java Runtime Environment to continue.
# Native memory allocation (malloc) failed to allocate 918096 bytes for Chunk::new
# Possible reasons:
#   The system is out of physical RAM or swap space
#   The process is running with CompressedOops enabled, and the Java Heap may be blocking the growth of the native heap
# Possible solutions:
#   Reduce memory load on the system
#   Increase physical memory or swap space
#   Check if swap backing store is full
#   Decrease Java heap size (-Xmx/-Xms)
#   Decrease number of Java threads
#   Decrease Java thread stack sizes (-Xss)
#   Set larger code cache with -XX:ReservedCodeCacheSize=
#   JVM is running with Zero Based Compressed Oops mode in which the Java heap is
#     placed in the first 32GB address space. The Java Heap base address is the
#     maximum limit for the native heap growth. Please use -XX:HeapBaseMinAddress
#     to set the Java Heap base and to place the Java Heap above 32GB virtual address.
# This output file may be truncated or incomplete.
#
#  Out of Memory Error (arena.cpp:189), pid=11776, tid=7780
#
# JRE version: Java(TM) SE Runtime Environment (17.0.11+7) (build 17.0.11+7-LTS-207)
# Java VM: Java HotSpot(TM) 64-Bit Server VM (17.0.11+7-LTS-207, mixed mode, sharing, tiered, compressed oops, compressed class ptrs, g1 gc, windows-amd64)
# No core dump will be written. Minidumps are not enabled by default on client versions of Windows
#

---------------  S U M M A R Y ------------

Command Line: -Dfile.encoding=UTF-8 -Dstdout.encoding=UTF-8 -Dstderr.encoding=UTF-8 -XX:+ShowCodeDetailsInExceptionMessages com.infosys.JdbcTemplateDemo.App

Host: AMD Ryzen 5 5500U with Radeon Graphics         , 12 cores, 15G,  Windows 11 , 64 bit Build 22621 (10.0.22621.3527)
Time: Sat Jun  8 12:40:19 2024 India Standard Time elapsed time: 0.642144 seconds (0d 0h 0m 0s)

---------------  T H R E A D  ---------------

Current thread (0x0000017a6f9a1410):  JavaThread "C2 CompilerThread0" daemon [_thread_in_native, id=7780, stack(0x000000172b000000,0x000000172b100000)]


Current CompileTask:
C2:    642 1105       4       jdk.internal.org.objectweb.asm.Frame::execute (2305 bytes)

Stack: [0x000000172b000000,0x000000172b100000]
Native frames: (J=compiled Java code, j=interpreted, Vv=VM code, C=native code)
V  [jvm.dll+0x679cca]
V  [jvm.dll+0x7da13d]
V  [jvm.dll+0x7dba83]
V  [jvm.dll+0x7dc0f3]
V  [jvm.dll+0x2449af]
V  [jvm.dll+0xab83b]
V  [jvm.dll+0xabe1c]
V  [jvm.dll+0x2a9e6f]
V  [jvm.dll+0x5818d9]
V  [jvm.dll+0x21ed62]
V  [jvm.dll+0x21f13f]
V  [jvm.dll+0x218331]
V  [jvm.dll+0x215505]
V  [jvm.dll+0x1a2040]
V  [jvm.dll+0x225a2b]
V  [jvm.dll+0x223bcb]
V  [jvm.dll+0x7903ec]
V  [jvm.dll+0x78a85a]
V  [jvm.dll+0x678bb5]
C  [ucrtbase.dll+0x29333]
C  [KERNEL32.DLL+0x1257d]
C  [ntdll.dll+0x5aa48]


---------------  P R O C E S S  ---------------

Threads class SMR info:
_java_thread_list=0x0000017a74851e50, length=13, elements={
0x0000017a4cce0f20, 0x0000017a6f982ac0, 0x0000017a6f983740, 0x0000017a6f9939e0,
0x0000017a6f9953b0, 0x0000017a6f995d70, 0x0000017a6f996730, 0x0000017a6f9a1410,
0x0000017a6f9a92e0, 0x0000017a6f9ae000, 0x0000017a6fad5360, 0x0000017a6fae1560,
0x0000017a74439180
}

Java Threads: ( => current thread )
  0x0000017a4cce0f20 JavaThread "main" [_thread_in_native, id=4928, stack(0x000000172a300000,0x000000172a400000)]
  0x0000017a6f982ac0 JavaThread "Reference Handler" daemon [_thread_blocked, id=8480, stack(0x000000172aa00000,0x000000172ab00000)]
  0x0000017a6f983740 JavaThread "Finalizer" daemon [_thread_blocked, id=17512, stack(0x000000172ab00000,0x000000172ac00000)]
  0x0000017a6f9939e0 JavaThread "Signal Dispatcher" daemon [_thread_blocked, id=2564, stack(0x000000172ac00000,0x000000172ad00000)]
  0x0000017a6f9953b0 JavaThread "Attach Listener" daemon [_thread_blocked, id=25460, stack(0x000000172ad00000,0x000000172ae00000)]
  0x0000017a6f995d70 JavaThread "Service Thread" daemon [_thread_blocked, id=17724, stack(0x000000172ae00000,0x000000172af00000)]
  0x0000017a6f996730 JavaThread "Monitor Deflation Thread" daemon [_thread_blocked, id=4580, stack(0x000000172af00000,0x000000172b000000)]
=>0x0000017a6f9a1410 JavaThread "C2 CompilerThread0" daemon [_thread_in_native, id=7780, stack(0x000000172b000000,0x000000172b100000)]
  0x0000017a6f9a92e0 JavaThread "C1 CompilerThread0" daemon [_thread_blocked, id=22760, stack(0x000000172b100000,0x000000172b200000)]
  0x0000017a6f9ae000 JavaThread "Sweeper thread" daemon [_thread_blocked, id=19148, stack(0x000000172b200000,0x000000172b300000)]
  0x0000017a6fad5360 JavaThread "Notification Thread" daemon [_thread_blocked, id=19728, stack(0x000000172b300000,0x000000172b400000)]
  0x0000017a6fae1560 JavaThread "Common-Cleaner" daemon [_thread_blocked, id=23956, stack(0x000000172b500000,0x000000172b600000)]
  0x0000017a74439180 JavaThread "C2 CompilerThread1" daemon [_thread_blocked, id=18280, stack(0x000000172b600000,0x000000172b700000)]

Other Threads:
  0x0000017a6f979f90 VMThread "VM Thread" [stack: 0x000000172a900000,0x000000172aa00000] [id=15588]
  0x0000017a4cd70ef0 WatcherThread [stack: 0x000000172b400000,0x000000172b500000] [id=13452]
  0x0000017a4cd4b640 GCTaskThread "GC Thread#0" [stack: 0x000000172a400000,0x000000172a500000] [id=25884]
  0x0000017a4cd5bb10 ConcurrentGCThread "G1 Main Marker" [stack: 0x000000172a500000,0x000000172a600000] [id=12500]
  0x0000017a4cd5ccc0 ConcurrentGCThread "G1 Conc#0" [stack: 0x000000172a600000,0x000000172a700000] [id=22128]
  0x0000017a6f505070 ConcurrentGCThread "G1 Refine#0" [stack: 0x000000172a700000,0x000000172a800000] [id=7724]
  0x0000017a6f5058b0 ConcurrentGCThread "G1 Service" [stack: 0x000000172a800000,0x000000172a900000] [id=15096]

Threads with active compile tasks:
C2 CompilerThread0      656 1105       4       jdk.internal.org.objectweb.asm.Frame::execute (2305 bytes)

VM state: not at safepoint (normal execution)

VM Mutex/Monitor currently owned by a thread: None

Heap address: 0x000000070a800000, size: 3928 MB, Compressed Oops mode: Zero based, Oop shift amount: 3

CDS archive(s) mapped at: [0x0000017a00000000-0x0000017a00bd0000-0x0000017a00bd0000), size 12386304, SharedBaseAddress: 0x0000017a00000000, ArchiveRelocationMode: 1.
Compressed class space mapped at: 0x0000017a01000000-0x0000017a41000000, reserved size: 1073741824
Narrow klass base: 0x0000017a00000000, Narrow klass shift: 0, Narrow klass range: 0x100000000

GC Precious Log:
 CPUs: 12 total, 12 available
 Memory: 15709M
 Large Page Support: Disabled
 NUMA Support: Disabled
 Compressed Oops: Enabled (Zero based)
 Heap Region Size: 2M
 Heap Min Capacity: 8M
 Heap Initial Capacity: 246M
 Heap Max Capacity: 3928M
 Pre-touch: Disabled
 Parallel Workers: 10
 Concurrent Workers: 3
 Concurrent Refinement Workers: 10
 Periodic GC: Disabled

Heap:
 garbage-first heap   total 251904K, used 20480K [0x000000070a800000, 0x0000000800000000)
  region size 2048K, 11 young (22528K), 0 survivors (0K)
 Metaspace       used 7184K, committed 7424K, reserved 1114112K
  class space    used 853K, committed 960K, reserved 1048576K

Heap Regions: E=young(eden), S=young(survivor), O=old, HS=humongous(starts), HC=humongous(continues), CS=collection set, F=free, OA=open archive, CA=closed archive, TAMS=top-at-mark-start (previous, next)
|   0|0x000000070a800000, 0x000000070a800000, 0x000000070aa00000|  0%| F|  |TAMS 0x000000070a800000, 0x000000070a800000| Untracked 
|   1|0x000000070aa00000, 0x000000070aa00000, 0x000000070ac00000|  0%| F|  |TAMS 0x000000070aa00000, 0x000000070aa00000| Untracked 
|   2|0x000000070ac00000, 0x000000070ac00000, 0x000000070ae00000|  0%| F|  |TAMS 0x000000070ac00000, 0x000000070ac00000| Untracked 
|   3|0x000000070ae00000, 0x000000070ae00000, 0x000000070b000000|  0%| F|  |TAMS 0x000000070ae00000, 0x000000070ae00000| Untracked 
|   4|0x000000070b000000, 0x000000070b000000, 0x000000070b200000|  0%| F|  |TAMS 0x000000070b000000, 0x000000070b000000| Untracked 
|   5|0x000000070b200000, 0x000000070b200000, 0x000000070b400000|  0%| F|  |TAMS 0x000000070b200000, 0x000000070b200000| Untracked 
|   6|0x000000070b400000, 0x000000070b400000, 0x000000070b600000|  0%| F|  |TAMS 0x000000070b400000, 0x000000070b400000| Untracked 
|   7|0x000000070b600000, 0x000000070b600000, 0x000000070b800000|  0%| F|  |TAMS 0x000000070b600000, 0x000000070b600000| Untracked 
|   8|0x000000070b800000, 0x000000070b800000, 0x000000070ba00000|  0%| F|  |TAMS 0x000000070b800000, 0x000000070b800000| Untracked 
|   9|0x000000070ba00000, 0x000000070ba00000, 0x000000070bc00000|  0%| F|  |TAMS 0x000000070ba00000, 0x000000070ba00000| Untracked 
|  10|0x000000070bc00000, 0x000000070bc00000, 0x000000070be00000|  0%| F|  |TAMS 0x000000070bc00000, 0x000000070bc00000| Untracked 
|  11|0x000000070be00000, 0x000000070be00000, 0x000000070c000000|  0%| F|  |TAMS 0x000000070be00000, 0x000000070be00000| Untracked 
|  12|0x000000070c000000, 0x000000070c000000, 0x000000070c200000|  0%| F|  |TAMS 0x000000070c000000, 0x000000070c000000| Untracked 
|  13|0x000000070c200000, 0x000000070c200000, 0x000000070c400000|  0%| F|  |TAMS 0x000000070c200000, 0x000000070c200000| Untracked 
|  14|0x000000070c400000, 0x000000070c400000, 0x000000070c600000|  0%| F|  |TAMS 0x000000070c400000, 0x000000070c400000| Untracked 
|  15|0x000000070c600000, 0x000000070c600000, 0x000000070c800000|  0%| F|  |TAMS 0x000000070c600000, 0x000000070c600000| Untracked 
|  16|0x000000070c800000, 0x000000070c800000, 0x000000070ca00000|  0%| F|  |TAMS 0x000000070c800000, 0x000000070c800000| Untracked 
|  17|0x000000070ca00000, 0x000000070ca00000, 0x000000070cc00000|  0%| F|  |TAMS 0x000000070ca00000, 0x000000070ca00000| Untracked 
|  18|0x000000070cc00000, 0x000000070cc00000, 0x000000070ce00000|  0%| F|  |TAMS 0x000000070cc00000, 0x000000070cc00000| Untracked 
|  19|0x000000070ce00000, 0x000000070ce00000, 0x000000070d000000|  0%| F|  |TAMS 0x000000070ce00000, 0x000000070ce00000| Untracked 
|  20|0x000000070d000000, 0x000000070d000000, 0x000000070d200000|  0%| F|  |TAMS 0x000000070d000000, 0x000000070d000000| Untracked 
|  21|0x000000070d200000, 0x000000070d200000, 0x000000070d400000|  0%| F|  |TAMS 0x000000070d200000, 0x000000070d200000| Untracked 
|  22|0x000000070d400000, 0x000000070d400000, 0x000000070d600000|  0%| F|  |TAMS 0x000000070d400000, 0x000000070d400000| Untracked 
|  23|0x000000070d600000, 0x000000070d600000, 0x000000070d800000|  0%| F|  |TAMS 0x000000070d600000, 0x000000070d600000| Untracked 
|  24|0x000000070d800000, 0x000000070d800000, 0x000000070da00000|  0%| F|  |TAMS 0x000000070d800000, 0x000000070d800000| Untracked 
|  25|0x000000070da00000, 0x000000070da00000, 0x000000070dc00000|  0%| F|  |TAMS 0x000000070da00000, 0x000000070da00000| Untracked 
|  26|0x000000070dc00000, 0x000000070dc00000, 0x000000070de00000|  0%| F|  |TAMS 0x000000070dc00000, 0x000000070dc00000| Untracked 
|  27|0x000000070de00000, 0x000000070de00000, 0x000000070e000000|  0%| F|  |TAMS 0x000000070de00000, 0x000000070de00000| Untracked 
|  28|0x000000070e000000, 0x000000070e000000, 0x000000070e200000|  0%| F|  |TAMS 0x000000070e000000, 0x000000070e000000| Untracked 
|  29|0x000000070e200000, 0x000000070e200000, 0x000000070e400000|  0%| F|  |TAMS 0x000000070e200000, 0x000000070e200000| Untracked 
|  30|0x000000070e400000, 0x000000070e400000, 0x000000070e600000|  0%| F|  |TAMS 0x000000070e400000, 0x000000070e400000| Untracked 
|  31|0x000000070e600000, 0x000000070e600000, 0x000000070e800000|  0%| F|  |TAMS 0x000000070e600000, 0x000000070e600000| Untracked 
|  32|0x000000070e800000, 0x000000070e800000, 0x000000070ea00000|  0%| F|  |TAMS 0x000000070e800000, 0x000000070e800000| Untracked 
|  33|0x000000070ea00000, 0x000000070ea00000, 0x000000070ec00000|  0%| F|  |TAMS 0x000000070ea00000, 0x000000070ea00000| Untracked 
|  34|0x000000070ec00000, 0x000000070ec00000, 0x000000070ee00000|  0%| F|  |TAMS 0x000000070ec00000, 0x000000070ec00000| Untracked 
|  35|0x000000070ee00000, 0x000000070ee00000, 0x000000070f000000|  0%| F|  |TAMS 0x000000070ee00000, 0x000000070ee00000| Untracked 
|  36|0x000000070f000000, 0x000000070f000000, 0x000000070f200000|  0%| F|  |TAMS 0x000000070f000000, 0x000000070f000000| Untracked 
|  37|0x000000070f200000, 0x000000070f200000, 0x000000070f400000|  0%| F|  |TAMS 0x000000070f200000, 0x000000070f200000| Untracked 
|  38|0x000000070f400000, 0x000000070f400000, 0x000000070f600000|  0%| F|  |TAMS 0x000000070f400000, 0x000000070f400000| Untracked 
|  39|0x000000070f600000, 0x000000070f600000, 0x000000070f800000|  0%| F|  |TAMS 0x000000070f600000, 0x000000070f600000| Untracked 
|  40|0x000000070f800000, 0x000000070f800000, 0x000000070fa00000|  0%| F|  |TAMS 0x000000070f800000, 0x000000070f800000| Untracked 
|  41|0x000000070fa00000, 0x000000070fa00000, 0x000000070fc00000|  0%| F|  |TAMS 0x000000070fa00000, 0x000000070fa00000| Untracked 
|  42|0x000000070fc00000, 0x000000070fc00000, 0x000000070fe00000|  0%| F|  |TAMS 0x000000070fc00000, 0x000000070fc00000| Untracked 
|  43|0x000000070fe00000, 0x000000070fe00000, 0x0000000710000000|  0%| F|  |TAMS 0x000000070fe00000, 0x000000070fe00000| Untracked 
|  44|0x0000000710000000, 0x0000000710000000, 0x0000000710200000|  0%| F|  |TAMS 0x0000000710000000, 0x0000000710000000| Untracked 
|  45|0x0000000710200000, 0x0000000710200000, 0x0000000710400000|  0%| F|  |TAMS 0x0000000710200000, 0x0000000710200000| Untracked 
|  46|0x0000000710400000, 0x0000000710400000, 0x0000000710600000|  0%| F|  |TAMS 0x0000000710400000, 0x0000000710400000| Untracked 
|  47|0x0000000710600000, 0x0000000710600000, 0x0000000710800000|  0%| F|  |TAMS 0x0000000710600000, 0x0000000710600000| Untracked 
|  48|0x0000000710800000, 0x0000000710800000, 0x0000000710a00000|  0%| F|  |TAMS 0x0000000710800000, 0x0000000710800000| Untracked 
|  49|0x0000000710a00000, 0x0000000710a00000, 0x0000000710c00000|  0%| F|  |TAMS 0x0000000710a00000, 0x0000000710a00000| Untracked 
|  50|0x0000000710c00000, 0x0000000710c00000, 0x0000000710e00000|  0%| F|  |TAMS 0x0000000710c00000, 0x0000000710c00000| Untracked 
|  51|0x0000000710e00000, 0x0000000710e00000, 0x0000000711000000|  0%| F|  |TAMS 0x0000000710e00000, 0x0000000710e00000| Untracked 
|  52|0x0000000711000000, 0x0000000711000000, 0x0000000711200000|  0%| F|  |TAMS 0x0000000711000000, 0x0000000711000000| Untracked 
|  53|0x0000000711200000, 0x0000000711200000, 0x0000000711400000|  0%| F|  |TAMS 0x0000000711200000, 0x0000000711200000| Untracked 
|  54|0x0000000711400000, 0x0000000711400000, 0x0000000711600000|  0%| F|  |TAMS 0x0000000711400000, 0x0000000711400000| Untracked 
|  55|0x0000000711600000, 0x0000000711600000, 0x0000000711800000|  0%| F|  |TAMS 0x0000000711600000, 0x0000000711600000| Untracked 
|  56|0x0000000711800000, 0x0000000711800000, 0x0000000711a00000|  0%| F|  |TAMS 0x0000000711800000, 0x0000000711800000| Untracked 
|  57|0x0000000711a00000, 0x0000000711a00000, 0x0000000711c00000|  0%| F|  |TAMS 0x0000000711a00000, 0x0000000711a00000| Untracked 
|  58|0x0000000711c00000, 0x0000000711c00000, 0x0000000711e00000|  0%| F|  |TAMS 0x0000000711c00000, 0x0000000711c00000| Untracked 
|  59|0x0000000711e00000, 0x0000000711e00000, 0x0000000712000000|  0%| F|  |TAMS 0x0000000711e00000, 0x0000000711e00000| Untracked 
|  60|0x0000000712000000, 0x0000000712000000, 0x0000000712200000|  0%| F|  |TAMS 0x0000000712000000, 0x0000000712000000| Untracked 
|  61|0x0000000712200000, 0x0000000712200000, 0x0000000712400000|  0%| F|  |TAMS 0x0000000712200000, 0x0000000712200000| Untracked 
|  62|0x0000000712400000, 0x0000000712400000, 0x0000000712600000|  0%| F|  |TAMS 0x0000000712400000, 0x0000000712400000| Untracked 
|  63|0x0000000712600000, 0x0000000712600000, 0x0000000712800000|  0%| F|  |TAMS 0x0000000712600000, 0x0000000712600000| Untracked 
|  64|0x0000000712800000, 0x0000000712800000, 0x0000000712a00000|  0%| F|  |TAMS 0x0000000712800000, 0x0000000712800000| Untracked 
|  65|0x0000000712a00000, 0x0000000712a00000, 0x0000000712c00000|  0%| F|  |TAMS 0x0000000712a00000, 0x0000000712a00000| Untracked 
|  66|0x0000000712c00000, 0x0000000712c00000, 0x0000000712e00000|  0%| F|  |TAMS 0x0000000712c00000, 0x0000000712c00000| Untracked 
|  67|0x0000000712e00000, 0x0000000712e00000, 0x0000000713000000|  0%| F|  |TAMS 0x0000000712e00000, 0x0000000712e00000| Untracked 
|  68|0x0000000713000000, 0x0000000713000000, 0x0000000713200000|  0%| F|  |TAMS 0x0000000713000000, 0x0000000713000000| Untracked 
|  69|0x0000000713200000, 0x0000000713200000, 0x0000000713400000|  0%| F|  |TAMS 0x0000000713200000, 0x0000000713200000| Untracked 
|  70|0x0000000713400000, 0x0000000713400000, 0x0000000713600000|  0%| F|  |TAMS 0x0000000713400000, 0x0000000713400000| Untracked 
|  71|0x0000000713600000, 0x0000000713600000, 0x0000000713800000|  0%| F|  |TAMS 0x0000000713600000, 0x0000000713600000| Untracked 
|  72|0x0000000713800000, 0x0000000713800000, 0x0000000713a00000|  0%| F|  |TAMS 0x0000000713800000, 0x0000000713800000| Untracked 
|  73|0x0000000713a00000, 0x0000000713a00000, 0x0000000713c00000|  0%| F|  |TAMS 0x0000000713a00000, 0x0000000713a00000| Untracked 
|  74|0x0000000713c00000, 0x0000000713c00000, 0x0000000713e00000|  0%| F|  |TAMS 0x0000000713c00000, 0x0000000713c00000| Untracked 
|  75|0x0000000713e00000, 0x0000000713e00000, 0x0000000714000000|  0%| F|  |TAMS 0x0000000713e00000, 0x0000000713e00000| Untracked 
|  76|0x0000000714000000, 0x0000000714000000, 0x0000000714200000|  0%| F|  |TAMS 0x0000000714000000, 0x0000000714000000| Untracked 
|  77|0x0000000714200000, 0x0000000714200000, 0x0000000714400000|  0%| F|  |TAMS 0x0000000714200000, 0x0000000714200000| Untracked 
|  78|0x0000000714400000, 0x0000000714400000, 0x0000000714600000|  0%| F|  |TAMS 0x0000000714400000, 0x0000000714400000| Untracked 
|  79|0x0000000714600000, 0x0000000714600000, 0x0000000714800000|  0%| F|  |TAMS 0x0000000714600000, 0x0000000714600000| Untracked 
|  80|0x0000000714800000, 0x0000000714800000, 0x0000000714a00000|  0%| F|  |TAMS 0x0000000714800000, 0x0000000714800000| Untracked 
|  81|0x0000000714a00000, 0x0000000714a00000, 0x0000000714c00000|  0%| F|  |TAMS 0x0000000714a00000, 0x0000000714a00000| Untracked 
|  82|0x0000000714c00000, 0x0000000714c00000, 0x0000000714e00000|  0%| F|  |TAMS 0x0000000714c00000, 0x0000000714c00000| Untracked 
|  83|0x0000000714e00000, 0x0000000714e00000, 0x0000000715000000|  0%| F|  |TAMS 0x0000000714e00000, 0x0000000714e00000| Untracked 
|  84|0x0000000715000000, 0x0000000715000000, 0x0000000715200000|  0%| F|  |TAMS 0x0000000715000000, 0x0000000715000000| Untracked 
|  85|0x0000000715200000, 0x0000000715200000, 0x0000000715400000|  0%| F|  |TAMS 0x0000000715200000, 0x0000000715200000| Untracked 
|  86|0x0000000715400000, 0x0000000715400000, 0x0000000715600000|  0%| F|  |TAMS 0x0000000715400000, 0x0000000715400000| Untracked 
|  87|0x0000000715600000, 0x0000000715600000, 0x0000000715800000|  0%| F|  |TAMS 0x0000000715600000, 0x0000000715600000| Untracked 
|  88|0x0000000715800000, 0x0000000715800000, 0x0000000715a00000|  0%| F|  |TAMS 0x0000000715800000, 0x0000000715800000| Untracked 
|  89|0x0000000715a00000, 0x0000000715a00000, 0x0000000715c00000|  0%| F|  |TAMS 0x0000000715a00000, 0x0000000715a00000| Untracked 
|  90|0x0000000715c00000, 0x0000000715c00000, 0x0000000715e00000|  0%| F|  |TAMS 0x0000000715c00000, 0x0000000715c00000| Untracked 
|  91|0x0000000715e00000, 0x0000000715e00000, 0x0000000716000000|  0%| F|  |TAMS 0x0000000715e00000, 0x0000000715e00000| Untracked 
|  92|0x0000000716000000, 0x0000000716000000, 0x0000000716200000|  0%| F|  |TAMS 0x0000000716000000, 0x0000000716000000| Untracked 
|  93|0x0000000716200000, 0x0000000716200000, 0x0000000716400000|  0%| F|  |TAMS 0x0000000716200000, 0x0000000716200000| Untracked 
|  94|0x0000000716400000, 0x0000000716400000, 0x0000000716600000|  0%| F|  |TAMS 0x0000000716400000, 0x0000000716400000| Untracked 
|  95|0x0000000716600000, 0x0000000716600000, 0x0000000716800000|  0%| F|  |TAMS 0x0000000716600000, 0x0000000716600000| Untracked 
|  96|0x0000000716800000, 0x0000000716800000, 0x0000000716a00000|  0%| F|  |TAMS 0x0000000716800000, 0x0000000716800000| Untracked 
|  97|0x0000000716a00000, 0x0000000716a00000, 0x0000000716c00000|  0%| F|  |TAMS 0x0000000716a00000, 0x0000000716a00000| Untracked 
|  98|0x0000000716c00000, 0x0000000716c00000, 0x0000000716e00000|  0%| F|  |TAMS 0x0000000716c00000, 0x0000000716c00000| Untracked 
|  99|0x0000000716e00000, 0x0000000716e00000, 0x0000000717000000|  0%| F|  |TAMS 0x0000000716e00000, 0x0000000716e00000| Untracked 
| 100|0x0000000717000000, 0x0000000717000000, 0x0000000717200000|  0%| F|  |TAMS 0x0000000717000000, 0x0000000717000000| Untracked 
| 101|0x0000000717200000, 0x0000000717200000, 0x0000000717400000|  0%| F|  |TAMS 0x0000000717200000, 0x0000000717200000| Untracked 
| 102|0x0000000717400000, 0x0000000717400000, 0x0000000717600000|  0%| F|  |TAMS 0x0000000717400000, 0x0000000717400000| Untracked 
| 103|0x0000000717600000, 0x0000000717600000, 0x0000000717800000|  0%| F|  |TAMS 0x0000000717600000, 0x0000000717600000| Untracked 
| 104|0x0000000717800000, 0x0000000717800000, 0x0000000717a00000|  0%| F|  |TAMS 0x0000000717800000, 0x0000000717800000| Untracked 
| 105|0x0000000717a00000, 0x0000000717a00000, 0x0000000717c00000|  0%| F|  |TAMS 0x0000000717a00000, 0x0000000717a00000| Untracked 
| 106|0x0000000717c00000, 0x0000000717c00000, 0x0000000717e00000|  0%| F|  |TAMS 0x0000000717c00000, 0x0000000717c00000| Untracked 
| 107|0x0000000717e00000, 0x0000000717e00000, 0x0000000718000000|  0%| F|  |TAMS 0x0000000717e00000, 0x0000000717e00000| Untracked 
| 108|0x0000000718000000, 0x0000000718000000, 0x0000000718200000|  0%| F|  |TAMS 0x0000000718000000, 0x0000000718000000| Untracked 
| 109|0x0000000718200000, 0x0000000718200000, 0x0000000718400000|  0%| F|  |TAMS 0x0000000718200000, 0x0000000718200000| Untracked 
| 110|0x0000000718400000, 0x0000000718400000, 0x0000000718600000|  0%| F|  |TAMS 0x0000000718400000, 0x0000000718400000| Untracked 
| 111|0x0000000718600000, 0x0000000718600000, 0x0000000718800000|  0%| F|  |TAMS 0x0000000718600000, 0x0000000718600000| Untracked 
| 112|0x0000000718800000, 0x00000007189e9f90, 0x0000000718a00000| 95%| E|  |TAMS 0x0000000718800000, 0x0000000718800000| Complete 
| 113|0x0000000718a00000, 0x0000000718c00000, 0x0000000718c00000|100%| E|CS|TAMS 0x0000000718a00000, 0x0000000718a00000| Complete 
| 114|0x0000000718c00000, 0x0000000718e00000, 0x0000000718e00000|100%| E|CS|TAMS 0x0000000718c00000, 0x0000000718c00000| Complete 
| 115|0x0000000718e00000, 0x0000000719000000, 0x0000000719000000|100%| E|CS|TAMS 0x0000000718e00000, 0x0000000718e00000| Complete 
| 116|0x0000000719000000, 0x0000000719200000, 0x0000000719200000|100%| E|CS|TAMS 0x0000000719000000, 0x0000000719000000| Complete 
| 117|0x0000000719200000, 0x0000000719400000, 0x0000000719400000|100%| E|CS|TAMS 0x0000000719200000, 0x0000000719200000| Complete 
| 118|0x0000000719400000, 0x0000000719600000, 0x0000000719600000|100%| E|CS|TAMS 0x0000000719400000, 0x0000000719400000| Complete 
| 119|0x0000000719600000, 0x0000000719800000, 0x0000000719800000|100%| E|CS|TAMS 0x0000000719600000, 0x0000000719600000| Complete 
| 120|0x0000000719800000, 0x0000000719a00000, 0x0000000719a00000|100%| E|CS|TAMS 0x0000000719800000, 0x0000000719800000| Complete 
| 121|0x0000000719a00000, 0x0000000719c00000, 0x0000000719c00000|100%| E|CS|TAMS 0x0000000719a00000, 0x0000000719a00000| Complete 
| 122|0x0000000719c00000, 0x0000000719e00000, 0x0000000719e00000|100%| E|CS|TAMS 0x0000000719c00000, 0x0000000719c00000| Complete 

Card table byte_map: [0x0000017a642a0000,0x0000017a64a50000] _byte_map_base: 0x0000017a60a4c000

Marking Bits (Prev, Next): (CMBitMap*) 0x0000017a4cd4bc60, (CMBitMap*) 0x0000017a4cd4bca0
 Prev Bits: [0x0000017a65200000, 0x0000017a68f60000)
 Next Bits: [0x0000017a68f60000, 0x0000017a6ccc0000)

Polling page: 0x0000017a4aa90000

Metaspace:

Usage:
  Non-class:      6.18 MB used.
      Class:    853.11 KB used.
       Both:      7.02 MB used.

Virtual space:
  Non-class space:       64.00 MB reserved,       6.31 MB ( 10%) committed,  1 nodes.
      Class space:        1.00 GB reserved,     960.00 KB ( <1%) committed,  1 nodes.
             Both:        1.06 GB reserved,       7.25 MB ( <1%) committed. 

Chunk freelists:
   Non-Class:  8.01 MB
       Class:  15.07 MB
        Both:  23.08 MB

MaxMetaspaceSize: unlimited
CompressedClassSpaceSize: 1.00 GB
Initial GC threshold: 21.00 MB
Current GC threshold: 21.00 MB
CDS: on
MetaspaceReclaimPolicy: balanced
 - commit_granule_bytes: 65536.
 - commit_granule_words: 8192.
 - virtual_space_node_default_size: 8388608.
 - enlarge_chunks_in_place: 1.
 - new_chunks_are_fully_committed: 0.
 - uncommit_free_chunks: 1.
 - use_allocation_guard: 0.
 - handle_deallocations: 1.


Internal statistics:

num_allocs_failed_limit: 0.
num_arena_births: 246.
num_arena_deaths: 0.
num_vsnodes_births: 2.
num_vsnodes_deaths: 0.
num_space_committed: 116.
num_space_uncommitted: 0.
num_chunks_returned_to_freelist: 0.
num_chunks_taken_from_freelist: 500.
num_chunk_merges: 0.
num_chunk_splits: 318.
num_chunks_enlarged: 202.
num_inconsistent_stats: 0.

CodeHeap 'non-profiled nmethods': size=120000Kb used=355Kb max_used=355Kb free=119644Kb
 bounds [0x0000017a5c070000, 0x0000017a5c2e0000, 0x0000017a635a0000]
CodeHeap 'profiled nmethods': size=120000Kb used=2285Kb max_used=2285Kb free=117714Kb
 bounds [0x0000017a545a0000, 0x0000017a54810000, 0x0000017a5bad0000]
CodeHeap 'non-nmethods': size=5760Kb used=1151Kb max_used=1166Kb free=4608Kb
 bounds [0x0000017a5bad0000, 0x0000017a5bd40000, 0x0000017a5c070000]
 total_blobs=1710 nmethods=1270 adapters=353
 compilation: enabled
              stopped_count=0, restarted_count=0
 full_count=0

Compilation events (20 events):
Event: 0.627 Thread 0x0000017a6f9a92e0 1230       3       jdk.internal.org.objectweb.asm.ClassWriter::toByteArray (1515 bytes)
Event: 0.628 Thread 0x0000017a74439180 1232       4       java.util.zip.ZipUtils::CENFLG (9 bytes)
Event: 0.629 Thread 0x0000017a74439180 nmethod 1232 0x0000017a5c0c5210 code [0x0000017a5c0c5380, 0x0000017a5c0c5438]
Event: 0.631 Thread 0x0000017a6f9a92e0 nmethod 1230 0x0000017a547c8a10 code [0x0000017a547c9340, 0x0000017a547cd258]
Event: 0.631 Thread 0x0000017a6f9a92e0 1231       3       jdk.internal.org.objectweb.asm.MethodVisitor::visitVarInsn (17 bytes)
Event: 0.631 Thread 0x0000017a6f9a92e0 nmethod 1231 0x0000017a547cf210 code [0x0000017a547cf3c0, 0x0000017a547cf5c8]
Event: 0.631 Thread 0x0000017a6f9a92e0 1233       1       org.springframework.beans.factory.support.AbstractBeanDefinition::getFactoryBeanName (5 bytes)
Event: 0.631 Thread 0x0000017a6f9a92e0 nmethod 1233 0x0000017a5c0c5510 code [0x0000017a5c0c56a0, 0x0000017a5c0c5778]
Event: 0.632 Thread 0x0000017a6f9a92e0 1235       3       java.lang.invoke.InnerClassLambdaMetafactory::getLoadOpcode (26 bytes)
Event: 0.632 Thread 0x0000017a6f9a92e0 nmethod 1235 0x0000017a547cf690 code [0x0000017a547cf840, 0x0000017a547cfa78]
Event: 0.632 Thread 0x0000017a6f9a92e0 1236       3       java.lang.invoke.InnerClassLambdaMetafactory::getParameterSize (27 bytes)
Event: 0.632 Thread 0x0000017a6f9a92e0 nmethod 1236 0x0000017a547cfb90 code [0x0000017a547cfd40, 0x0000017a547cff58]
Event: 0.632 Thread 0x0000017a6f9a92e0 1237       3       java.lang.invoke.MethodHandles$Lookup$ClassFile::<init> (20 bytes)
Event: 0.632 Thread 0x0000017a6f9a92e0 nmethod 1237 0x0000017a547d0010 code [0x0000017a547d01c0, 0x0000017a547d03f8]
Event: 0.633 Thread 0x0000017a6f9a92e0 1241       3       java.lang.invoke.LambdaForm::methodType (48 bytes)
Event: 0.633 Thread 0x0000017a6f9a92e0 nmethod 1241 0x0000017a547d0490 code [0x0000017a547d0680, 0x0000017a547d0c98]
Event: 0.633 Thread 0x0000017a6f9a92e0 1242       3       java.lang.invoke.MethodHandles$Lookup::makeHiddenClassDefiner (42 bytes)
Event: 0.634 Thread 0x0000017a6f9a92e0 nmethod 1242 0x0000017a547d0f10 code [0x0000017a547d11e0, 0x0000017a547d21b8]
Event: 0.634 Thread 0x0000017a6f9a92e0 1243       3       java.lang.invoke.MethodHandles$Lookup$ClassOption::optionsToFlag (40 bytes)
Event: 0.634 Thread 0x0000017a6f9a92e0 nmethod 1243 0x0000017a547d2710 code [0x0000017a547d28e0, 0x0000017a547d2de8]

GC Heap History (0 events):
No events

Deoptimization events (20 events):
Event: 0.558 Thread 0x0000017a4cce0f20 Uncommon trap: trap_request=0xffffffde fr.pc=0x0000017a5c093b2c relative=0x00000000000001ac
Event: 0.558 Thread 0x0000017a4cce0f20 Uncommon trap: reason=class_check action=maybe_recompile pc=0x0000017a5c093b2c method=java.lang.String.equals(Ljava/lang/Object;)Z @ 8 c2
Event: 0.558 Thread 0x0000017a4cce0f20 DEOPT PACKING pc=0x0000017a5c093b2c sp=0x000000172a3fe3c0
Event: 0.558 Thread 0x0000017a4cce0f20 DEOPT UNPACKING pc=0x0000017a5bb223a3 sp=0x000000172a3fe368 mode 2
Event: 0.558 Thread 0x0000017a4cce0f20 Uncommon trap: trap_request=0xffffffde fr.pc=0x0000017a5c093b2c relative=0x00000000000001ac
Event: 0.558 Thread 0x0000017a4cce0f20 Uncommon trap: reason=class_check action=maybe_recompile pc=0x0000017a5c093b2c method=java.lang.String.equals(Ljava/lang/Object;)Z @ 8 c2
Event: 0.558 Thread 0x0000017a4cce0f20 DEOPT PACKING pc=0x0000017a5c093b2c sp=0x000000172a3fe3c0
Event: 0.558 Thread 0x0000017a4cce0f20 DEOPT UNPACKING pc=0x0000017a5bb223a3 sp=0x000000172a3fe368 mode 2
Event: 0.558 Thread 0x0000017a4cce0f20 Uncommon trap: trap_request=0xffffffde fr.pc=0x0000017a5c093b2c relative=0x00000000000001ac
Event: 0.558 Thread 0x0000017a4cce0f20 Uncommon trap: reason=class_check action=maybe_recompile pc=0x0000017a5c093b2c method=java.lang.String.equals(Ljava/lang/Object;)Z @ 8 c2
Event: 0.558 Thread 0x0000017a4cce0f20 DEOPT PACKING pc=0x0000017a5c093b2c sp=0x000000172a3fe3c0
Event: 0.558 Thread 0x0000017a4cce0f20 DEOPT UNPACKING pc=0x0000017a5bb223a3 sp=0x000000172a3fe368 mode 2
Event: 0.622 Thread 0x0000017a4cce0f20 Uncommon trap: trap_request=0xffffff45 fr.pc=0x0000017a5c0a3e38 relative=0x0000000000000218
Event: 0.622 Thread 0x0000017a4cce0f20 Uncommon trap: reason=unstable_if action=reinterpret pc=0x0000017a5c0a3e38 method=java.lang.String.startsWith(Ljava/lang/String;I)Z @ 14 c2
Event: 0.622 Thread 0x0000017a4cce0f20 DEOPT PACKING pc=0x0000017a5c0a3e38 sp=0x000000172a3ff250
Event: 0.622 Thread 0x0000017a4cce0f20 DEOPT UNPACKING pc=0x0000017a5bb223a3 sp=0x000000172a3ff158 mode 2
Event: 0.626 Thread 0x0000017a4cce0f20 Uncommon trap: trap_request=0xffffff45 fr.pc=0x0000017a5c08d7b0 relative=0x0000000000000290
Event: 0.626 Thread 0x0000017a4cce0f20 Uncommon trap: reason=unstable_if action=reinterpret pc=0x0000017a5c08d7b0 method=java.lang.String.startsWith(Ljava/lang/String;I)Z @ 14 c2
Event: 0.626 Thread 0x0000017a4cce0f20 DEOPT PACKING pc=0x0000017a5c08d7b0 sp=0x000000172a3ff210
Event: 0.626 Thread 0x0000017a4cce0f20 DEOPT UNPACKING pc=0x0000017a5bb223a3 sp=0x000000172a3ff170 mode 2

Classes unloaded (0 events):
No events

Classes redefined (0 events):
No events

Internal exceptions (20 events):
Event: 0.473 Thread 0x0000017a4cce0f20 Exception <a 'java/lang/NoSuchMethodError'{0x0000000718ff0350}: 'java.lang.Object java.lang.invoke.DirectMethodHandle$Holder.invokeSpecial(java.lang.Object, java.lang.Object, java.lang.Object, java.lang.Object, java.lang.Object, java.lang.Object, java.lang.Object, java.lang.Object, java.lang.Object)'> (0x0000000718ff0350) 
thrown [s\open\src\hotspot\share\interpreter\linkResolver.cpp, line 759]
Event: 0.476 Thread 0x0000017a4cce0f20 Exception <a 'java/lang/NoSuchMethodError'{0x0000000718c15878}: 'java.lang.Object java.lang.invoke.DirectMethodHandle$Holder.invokeSpecial(java.lang.Object, java.lang.Object, java.lang.Object, java.lang.Object, java.lang.Object, java.lang.Object, java.lang.Object, java.lang.Object, java.lang.Object, java.lang.Object, java.lang.Object, java.lang.Object, java.lang.Object, java.lang.Object)'> (0x0000000718c15878) 
thrown [s\open\src\hotspot\share\interpreter\linkResolver.cpp, line 759]
Event: 0.477 Thread 0x0000017a4cce0f20 Exception <a 'java/lang/NoSuchMethodError'{0x0000000718c1a548}: 'java.lang.Object java.lang.invoke.Invokers$Holder.invoker(java.lang.Object, java.lang.Object, java.lang.Object, java.lang.Object, java.lang.Object, java.lang.Object, java.lang.Object, java.lang.Object, java.lang.Object, java.lang.Object, java.lang.Object, java.lang.Object, java.lang.Object, java.lang.Object)'> (0x0000000718c1a548) 
thrown [s\open\src\hotspot\share\interpreter\linkResolver.cpp, line 759]
Event: 0.477 Thread 0x0000017a4cce0f20 Exception <a 'java/lang/NoSuchMethodError'{0x0000000718c20238}: 'java.lang.Object java.lang.invoke.DirectMethodHandle$Holder.invokeSpecial(java.lang.Object, java.lang.Object, java.lang.Object, java.lang.Object, java.lang.Object, java.lang.Object, java.lang.Object, java.lang.Object, java.lang.Object, java.lang.Object, java.lang.Object, java.lang.Object, java.lang.Object, java.lang.Object, java.lang.Object)'> (0x0000000718c20238) 
thrown [s\open\src\hotspot\share\interpreter\linkResolver.cpp, line 759]
Event: 0.479 Thread 0x0000017a4cce0f20 Exception <a 'java/lang/NoSuchMethodError'{0x0000000718c33168}: 'int java.lang.invoke.DirectMethodHandle$Holder.invokeVirtual(java.lang.Object, java.lang.Object, java.lang.Object)'> (0x0000000718c33168) 
thrown [s\open\src\hotspot\share\interpreter\linkResolver.cpp, line 759]
Event: 0.479 Thread 0x0000017a4cce0f20 Exception <a 'java/lang/NoSuchMethodError'{0x0000000718c36a50}: 'int java.lang.invoke.DirectMethodHandle$Holder.invokeVirtual(java.lang.Object, java.lang.Object)'> (0x0000000718c36a50) 
thrown [s\open\src\hotspot\share\interpreter\linkResolver.cpp, line 759]
Event: 0.480 Thread 0x0000017a4cce0f20 Exception <a 'java/lang/NoSuchMethodError'{0x0000000718c3ac70}: 'int java.lang.invoke.DirectMethodHandle$Holder.invokeStaticInit(java.lang.Object, int, int)'> (0x0000000718c3ac70) 
thrown [s\open\src\hotspot\share\interpreter\linkResolver.cpp, line 759]
Event: 0.480 Thread 0x0000017a4cce0f20 Exception <a 'java/lang/NoSuchMethodError'{0x0000000718c42558}: 'int java.lang.invoke.DirectMethodHandle$Holder.invokeStaticInit(java.lang.Object, long, long)'> (0x0000000718c42558) 
thrown [s\open\src\hotspot\share\interpreter\linkResolver.cpp, line 759]
Event: 0.480 Thread 0x0000017a4cce0f20 Exception <a 'java/lang/NoSuchMethodError'{0x0000000718c493a8}: 'int java.lang.invoke.DirectMethodHandle$Holder.invokeStaticInit(java.lang.Object, float, float)'> (0x0000000718c493a8) 
thrown [s\open\src\hotspot\share\interpreter\linkResolver.cpp, line 759]
Event: 0.481 Thread 0x0000017a4cce0f20 Exception <a 'java/lang/NoSuchMethodError'{0x0000000718c50200}: 'int java.lang.invoke.DirectMethodHandle$Holder.invokeStaticInit(java.lang.Object, double, double)'> (0x0000000718c50200) 
thrown [s\open\src\hotspot\share\interpreter\linkResolver.cpp, line 759]
Event: 0.481 Thread 0x0000017a4cce0f20 Exception <a 'java/lang/NoSuchMethodError'{0x0000000718c54808}: 'int java.lang.invoke.DirectMethodHandle$Holder.invokeStatic(java.lang.Object, long)'> (0x0000000718c54808) 
thrown [s\open\src\hotspot\share\interpreter\linkResolver.cpp, line 759]
Event: 0.485 Thread 0x0000017a4cce0f20 Exception <a 'java/lang/NoSuchMethodError'{0x0000000718c79478}: 'int java.lang.invoke.DirectMethodHandle$Holder.invokeSpecial(java.lang.Object, java.lang.Object, int)'> (0x0000000718c79478) 
thrown [s\open\src\hotspot\share\interpreter\linkResolver.cpp, line 759]
Event: 0.486 Thread 0x0000017a4cce0f20 Exception <a 'java/lang/NoSuchMethodError'{0x0000000718c80dd8}: 'int java.lang.invoke.Invokers$Holder.linkToTargetMethod(java.lang.Object, java.lang.Object)'> (0x0000000718c80dd8) 
thrown [s\open\src\hotspot\share\interpreter\linkResolver.cpp, line 759]
Event: 0.502 Thread 0x0000017a4cce0f20 Exception <a 'java/lang/NoSuchMethodError'{0x0000000718d31830}: 'java.lang.Object java.lang.invoke.DirectMethodHandle$Holder.invokeSpecial(java.lang.Object, java.lang.Object, java.lang.Object, java.lang.Object, java.lang.Object, java.lang.Object, java.lang.Object, java.lang.Object, java.lang.Object, java.lang.Object)'> (0x0000000718d31830) 
thrown [s\open\src\hotspot\share\interpreter\linkResolver.cpp, line 759]
Event: 0.502 Thread 0x0000017a4cce0f20 Exception <a 'java/lang/NoSuchMethodError'{0x0000000718d35e18}: 'java.lang.Object java.lang.invoke.Invokers$Holder.invoke_MT(java.lang.Object, java.lang.Object, java.lang.Object, java.lang.Object, java.lang.Object, java.lang.Object, java.lang.Object, java.lang.Object, java.lang.Object, java.lang.Object)'> (0x0000000718d35e18) 
thrown [s\open\src\hotspot\share\interpreter\linkResolver.cpp, line 759]
Event: 0.509 Thread 0x0000017a4cce0f20 Exception <a 'java/lang/NoSuchMethodError'{0x0000000718d742e8}: 'java.lang.Object java.lang.invoke.DirectMethodHandle$Holder.invokeSpecial(java.lang.Object, java.lang.Object, int, java.lang.Object, java.lang.Object)'> (0x0000000718d742e8) 
thrown [s\open\src\hotspot\share\interpreter\linkResolver.cpp, line 759]
Event: 0.509 Thread 0x0000017a4cce0f20 Exception <a 'java/lang/NoSuchMethodError'{0x0000000718d77ed8}: 'java.lang.Object java.lang.invoke.DelegatingMethodHandle$Holder.delegate(java.lang.Object, int, java.lang.Object, java.lang.Object)'> (0x0000000718d77ed8) 
thrown [s\open\src\hotspot\share\interpreter\linkResolver.cpp, line 759]
Event: 0.511 Thread 0x0000017a4cce0f20 Exception <a 'java/lang/NoSuchMethodError'{0x0000000718d88d60}: 'int java.lang.invoke.Invokers$Holder.linkToTargetMethod(java.lang.Object, java.lang.Object, java.lang.Object)'> (0x0000000718d88d60) 
thrown [s\open\src\hotspot\share\interpreter\linkResolver.cpp, line 759]
Event: 0.568 Thread 0x0000017a4cce0f20 Exception <a 'java/lang/NoSuchMethodError'{0x0000000718b68bc8}: 'void java.lang.invoke.DirectMethodHandle$Holder.invokeStatic(java.lang.Object, java.lang.Object, java.lang.Object, java.lang.Object)'> (0x0000000718b68bc8) 
thrown [s\open\src\hotspot\share\interpreter\linkResolver.cpp, line 759]
Event: 0.632 Thread 0x0000017a4cce0f20 Exception <a 'java/lang/NoSuchMethodError'{0x000000071895c110}: 'java.lang.Object java.lang.invoke.DirectMethodHandle$Holder.newInvokeSpecial(java.lang.Object, java.lang.Object, int, java.lang.Object, java.lang.Object)'> (0x000000071895c110) 
thrown [s\open\src\hotspot\share\interpreter\linkResolver.cpp, line 759]

VM Operations (16 events):
Event: 0.064 Executing VM operation: HandshakeAllThreads
Event: 0.064 Executing VM operation: HandshakeAllThreads done
Event: 0.143 Executing VM operation: HandshakeAllThreads
Event: 0.143 Executing VM operation: HandshakeAllThreads done
Event: 0.197 Executing VM operation: HandshakeAllThreads
Event: 0.197 Executing VM operation: HandshakeAllThreads done
Event: 0.301 Executing VM operation: HandshakeAllThreads
Event: 0.301 Executing VM operation: HandshakeAllThreads done
Event: 0.356 Executing VM operation: HandshakeAllThreads
Event: 0.356 Executing VM operation: HandshakeAllThreads done
Event: 0.471 Executing VM operation: HandshakeAllThreads
Event: 0.471 Executing VM operation: HandshakeAllThreads done
Event: 0.524 Executing VM operation: HandshakeAllThreads
Event: 0.524 Executing VM operation: HandshakeAllThreads done
Event: 0.573 Executing VM operation: HandshakeAllThreads
Event: 0.573 Executing VM operation: HandshakeAllThreads done

Events (20 events):
Event: 0.584 loading class sun/reflect/generics/tree/ClassSignature done
Event: 0.584 loading class sun/reflect/generics/reflectiveObjects/WildcardTypeImpl
Event: 0.584 loading class sun/reflect/generics/reflectiveObjects/LazyReflectiveObjectGenerator
Event: 0.584 loading class sun/reflect/generics/reflectiveObjects/LazyReflectiveObjectGenerator done
Event: 0.584 loading class sun/reflect/generics/reflectiveObjects/WildcardTypeImpl done
Event: 0.584 loading class sun/reflect/generics/reflectiveObjects/ParameterizedTypeImpl
Event: 0.584 loading class sun/reflect/generics/reflectiveObjects/ParameterizedTypeImpl done
Event: 0.584 loading class sun/reflect/generics/reflectiveObjects/TypeVariableImpl
Event: 0.584 loading class sun/reflect/generics/reflectiveObjects/TypeVariableImpl done
Event: 0.584 loading class com/sun/beans/WildcardTypeImpl
Event: 0.584 loading class com/sun/beans/WildcardTypeImpl done
Event: 0.604 loading class java/lang/ExceptionInInitializerError
Event: 0.604 loading class java/lang/ExceptionInInitializerError done
Event: 0.605 loading class java/security/PrivilegedActionException
Event: 0.605 loading class java/security/PrivilegedActionException done
Event: 0.609 loading class java/io/PrintWriter
Event: 0.609 loading class java/io/PrintWriter done
Event: 0.610 Thread 0x0000017a74439180 Thread added: 0x0000017a74439180
Event: 0.617 loading class java/lang/Deprecated
Event: 0.617 loading class java/lang/Deprecated done


Dynamic libraries:
0x00007ff64cf00000 - 0x00007ff64cf10000 	C:\Program Files\Java\jdk-17\bin\javaw.exe
0x00007ffc5d350000 - 0x00007ffc5d567000 	C:\Windows\SYSTEM32\ntdll.dll
0x00007ffc5bfe0000 - 0x00007ffc5c0a4000 	C:\Windows\System32\KERNEL32.DLL
0x00007ffc5abb0000 - 0x00007ffc5af57000 	C:\Windows\System32\KERNELBASE.dll
0x00007ffc5af60000 - 0x00007ffc5b071000 	C:\Windows\System32\ucrtbase.dll
0x00007ffc3bcf0000 - 0x00007ffc3bd09000 	C:\Program Files\Java\jdk-17\bin\jli.dll
0x00007ffc314f0000 - 0x00007ffc3150b000 	C:\Program Files\Java\jdk-17\bin\VCRUNTIME140.dll
0x00007ffc5bd60000 - 0x00007ffc5be12000 	C:\Windows\System32\ADVAPI32.dll
0x00007ffc5c250000 - 0x00007ffc5c2f7000 	C:\Windows\System32\msvcrt.dll
0x00007ffc5d250000 - 0x00007ffc5d2f8000 	C:\Windows\System32\sechost.dll
0x00007ffc5a6e0000 - 0x00007ffc5a708000 	C:\Windows\System32\bcrypt.dll
0x00007ffc5c490000 - 0x00007ffc5c5a5000 	C:\Windows\System32\RPCRT4.dll
0x00007ffc5be20000 - 0x00007ffc5bfce000 	C:\Windows\System32\USER32.dll
0x00007ffc5a9e0000 - 0x00007ffc5aa06000 	C:\Windows\System32\win32u.dll
0x00007ffc4a6a0000 - 0x00007ffc4a933000 	C:\Windows\WinSxS\amd64_microsoft.windows.common-controls_6595b64144ccf1df_6.0.22621.3527_none_270e469b73872a76\COMCTL32.dll
0x00007ffc5ba80000 - 0x00007ffc5baa9000 	C:\Windows\System32\GDI32.dll
0x00007ffc5aa90000 - 0x00007ffc5aba9000 	C:\Windows\System32\gdi32full.dll
0x00007ffc5a880000 - 0x00007ffc5a91a000 	C:\Windows\System32\msvcp_win.dll
0x00007ffc4ecd0000 - 0x00007ffc4ecda000 	C:\Windows\SYSTEM32\VERSION.dll
0x00007ffc5ba40000 - 0x00007ffc5ba71000 	C:\Windows\System32\IMM32.DLL
0x00007ffc49960000 - 0x00007ffc4996c000 	C:\Program Files\Java\jdk-17\bin\vcruntime140_1.dll
0x00007ffc12980000 - 0x00007ffc12a0e000 	C:\Program Files\Java\jdk-17\bin\msvcp140.dll
0x00007ffbf29d0000 - 0x00007ffbf35b0000 	C:\Program Files\Java\jdk-17\bin\server\jvm.dll
0x00007ffc5c400000 - 0x00007ffc5c408000 	C:\Windows\System32\PSAPI.DLL
0x00007ffc57320000 - 0x00007ffc57354000 	C:\Windows\SYSTEM32\WINMM.dll
0x00007ffc34d40000 - 0x00007ffc34d49000 	C:\Windows\SYSTEM32\WSOCK32.dll
0x00007ffc5c410000 - 0x00007ffc5c481000 	C:\Windows\System32\WS2_32.dll
0x00007ffc59670000 - 0x00007ffc59688000 	C:\Windows\SYSTEM32\kernel.appcore.dll
0x00007ffc574e0000 - 0x00007ffc574ea000 	C:\Program Files\Java\jdk-17\bin\jimage.dll
0x00007ffc57ed0000 - 0x00007ffc58102000 	C:\Windows\SYSTEM32\DBGHELP.DLL
0x00007ffc5c910000 - 0x00007ffc5cc98000 	C:\Windows\System32\combase.dll
0x00007ffc5ccf0000 - 0x00007ffc5cdc7000 	C:\Windows\System32\OLEAUT32.dll
0x00007ffc572e0000 - 0x00007ffc57312000 	C:\Windows\SYSTEM32\dbgcore.DLL
0x00007ffc5aa10000 - 0x00007ffc5aa89000 	C:\Windows\System32\bcryptPrimitives.dll
0x00007ffc52dc0000 - 0x00007ffc52de5000 	C:\Program Files\Java\jdk-17\bin\java.dll
0x00007ffc316e0000 - 0x00007ffc317b7000 	C:\Program Files\Java\jdk-17\bin\jsvml.dll
0x00007ffc5b080000 - 0x00007ffc5b8dc000 	C:\Windows\System32\SHELL32.dll
0x00007ffc58560000 - 0x00007ffc58e56000 	C:\Windows\SYSTEM32\windows.storage.dll
0x00007ffc58420000 - 0x00007ffc5855e000 	C:\Windows\SYSTEM32\wintypes.dll
0x00007ffc5bab0000 - 0x00007ffc5bba5000 	C:\Windows\System32\SHCORE.dll
0x00007ffc5c0b0000 - 0x00007ffc5c10e000 	C:\Windows\System32\shlwapi.dll
0x00007ffc5a5a0000 - 0x00007ffc5a5c1000 	C:\Windows\SYSTEM32\profapi.dll
0x00007ffc48e30000 - 0x00007ffc48e49000 	C:\Program Files\Java\jdk-17\bin\net.dll
0x00007ffc54120000 - 0x00007ffc54256000 	C:\Windows\SYSTEM32\WINHTTP.dll
0x00007ffc59b00000 - 0x00007ffc59b69000 	C:\Windows\system32\mswsock.dll
0x00007ffc39480000 - 0x00007ffc39496000 	C:\Program Files\Java\jdk-17\bin\nio.dll
0x00007ffc316c0000 - 0x00007ffc316d8000 	C:\Program Files\Java\jdk-17\bin\zip.dll

dbghelp: loaded successfully - version: 4.0.5 - missing functions: none
symbol engine: initialized successfully - sym options: 0x614 - pdb path: .;C:\Program Files\Java\jdk-17\bin;C:\Windows\SYSTEM32;C:\Windows\WinSxS\amd64_microsoft.windows.common-controls_6595b64144ccf1df_6.0.22621.3527_none_270e469b73872a76;C:\Program Files\Java\jdk-17\bin\server

VM Arguments:
jvm_args: -Dfile.encoding=UTF-8 -Dstdout.encoding=UTF-8 -Dstderr.encoding=UTF-8 -XX:+ShowCodeDetailsInExceptionMessages 
java_command: com.infosys.JdbcTemplateDemo.App
java_class_path (initial): D:\workspace\JdbcTemplateDemo\target\classes;C:\Users\aayus\.m2\repository\org\springframework\spring-context\6.1.6\spring-context-6.1.6.jar;C:\Users\aayus\.m2\repository\org\springframework\spring-aop\6.1.6\spring-aop-6.1.6.jar;C:\Users\aayus\.m2\repository\org\springframework\spring-beans\6.1.6\spring-beans-6.1.6.jar;C:\Users\aayus\.m2\repository\org\springframework\spring-core\6.1.6\spring-core-6.1.6.jar;C:\Users\aayus\.m2\repository\org\springframework\spring-jcl\6.1.6\spring-jcl-6.1.6.jar;C:\Users\aayus\.m2\repository\org\springframework\spring-expression\6.1.6\spring-expression-6.1.6.jar;C:\Users\aayus\.m2\repository\io\micrometer\micrometer-observation\1.12.5\micrometer-observation-1.12.5.jar;C:\Users\aayus\.m2\repository\io\micrometer\micrometer-commons\1.12.5\micrometer-commons-1.12.5.jar;C:\Users\aayus\.m2\repository\org\springframework\spring-jdbc\6.1.6\spring-jdbc-6.1.6.jar;C:\Users\aayus\.m2\repository\org\springframework\spring-tx\6.1.6\spring-tx-6.1.6.jar;C:\Users\aayus\.m2\repository\org\postgresql\postgresql\42.7.3\postgresql-42.7.3.jar;C:\Users\aayus\.m2\repository\org\checkerframework\checker-qual\3.42.0\checker-qual-3.42.0.jar
Launcher Type: SUN_STANDARD

[Global flags]
     intx CICompilerCount                          = 4                                         {product} {ergonomic}
     uint ConcGCThreads                            = 3                                         {product} {ergonomic}
     uint G1ConcRefinementThreads                  = 10                                        {product} {ergonomic}
   size_t G1HeapRegionSize                         = 2097152                                   {product} {ergonomic}
    uintx GCDrainStackTargetSize                   = 64                                        {product} {ergonomic}
   size_t InitialHeapSize                          = 257949696                                 {product} {ergonomic}
   size_t MarkStackSize                            = 4194304                                   {product} {ergonomic}
   size_t MaxHeapSize                              = 4118806528                                {product} {ergonomic}
   size_t MaxNewSize                               = 2470445056                                {product} {ergonomic}
   size_t MinHeapDeltaBytes                        = 2097152                                   {product} {ergonomic}
   size_t MinHeapSize                              = 8388608                                   {product} {ergonomic}
    uintx NonNMethodCodeHeapSize                   = 5839372                                {pd product} {ergonomic}
    uintx NonProfiledCodeHeapSize                  = 122909434                              {pd product} {ergonomic}
    uintx ProfiledCodeHeapSize                     = 122909434                              {pd product} {ergonomic}
    uintx ReservedCodeCacheSize                    = 251658240                              {pd product} {ergonomic}
     bool SegmentedCodeCache                       = true                                      {product} {ergonomic}
     bool ShowCodeDetailsInExceptionMessages       = true                                   {manageable} {command line}
   size_t SoftMaxHeapSize                          = 4118806528                             {manageable} {ergonomic}
     bool UseCompressedClassPointers               = true                           {product lp64_product} {ergonomic}
     bool UseCompressedOops                        = true                           {product lp64_product} {ergonomic}
     bool UseG1GC                                  = true                                      {product} {ergonomic}
     bool UseLargePagesIndividualAllocation        = false                                  {pd product} {ergonomic}

Logging:
Log output configuration:
 #0: stdout all=warning uptime,level,tags
 #1: stderr all=off uptime,level,tags

Environment Variables:
PATH=C:/Program Files/Java/jdk-17/bin/server;C:/Program Files/Java/jdk-17/bin;C:\Program Files\Common Files\Oracle\Java\javapath;C:\Windows\system32;C:\Windows;C:\Windows\System32\Wbem;C:\Windows\System32\WindowsPowerShell\v1.0\;C:\Windows\System32\OpenSSH\;C:\Program Files\nodejs\;D:\software\mongodb-windows-x86_64-7.0.5\mongodb-win32-x86_64-windows-7.0.5\bin;D:\software\mongosh-2.1.1-win32-x64\mongosh-2.1.1-win32-x64\bin;C:\Users\aayus\AppData\Local\Programs\Python\Python312\;C:\Program Files\Java\jdk-17\bin;C:\Program Files\MySQL\MySQL Shell 8.0\bin\;C:\Users\aayus\AppData\Local\Microsoft\WindowsApps;C:\Program Files\Java\jdk-17\bin;C:\Users\aayus\AppData\Local\Programs\Microsoft VS Code\bin;C:\Users\aayus\AppData\Roaming\npm;C:\Program Files\nodejs;D:\software\mongodb-windows-x86_64-7.0.5\mongodb-win32-x86_64-windows-7.0.5\bin;D:\software\mongosh-2.1.1-win32-x64\mongosh-2.1.1-win32-x64\bin;C:\Users\aayus\AppData\Local\Programs\Python\Python312\;;C:\Windows\System32;
USERNAME=aayus
OS=Windows_NT
PROCESSOR_IDENTIFIER=AMD64 Family 23 Model 104 Stepping 1, AuthenticAMD



---------------  S Y S T E M  ---------------

OS:
 Windows 11 , 64 bit Build 22621 (10.0.22621.3527)
OS uptime: 12 days 23:18 hours
Hyper-V role detected

CPU: total 12 (initial active 12) (12 cores per cpu, 2 threads per core) family 23 model 104 stepping 1 microcode 0x0, cx8, cmov, fxsr, ht, mmx, 3dnowpref, sse, sse2, sse3, ssse3, sse4a, sse4.1, sse4.2, popcnt, lzcnt, tsc, tscinvbit, avx, avx2, aes, clmul, bmi1, bmi2, adx, sha, fma, vzeroupper, clflush, clflushopt, hv

Memory: 4k page, system-wide physical 15709M (7961M free)
TotalPageFile size 32953M (AvailPageFile size 2M)
current process WorkingSet (physical memory assigned to process): 79M, peak: 79M
current process commit charge ("private bytes"): 357M, peak: 357M

vm_info: Java HotSpot(TM) 64-Bit Server VM (17.0.11+7-LTS-207) for windows-amd64 JRE (17.0.11+7-LTS-207), built on Mar 11 2024 19:01:50 by "mach5one" with MS VC++ 17.6 (VS2022)

END.
