#
# There is insufficient memory for the Java Runtime Environment to continue.
# Native memory allocation (malloc) failed to allocate 32744 bytes for ChunkPool::allocate
# Possible reasons:
#   The system is out of physical RAM or swap space
#   The process is running with CompressedOops enabled, and the Java Heap may be blocking the growth of the native heap
# Possible solutions:
#   Reduce memory load on the system
#   Increase physical memory or swap space
#   Check if swap backing store is full
#   Decrease Java heap size (-Xmx/-Xms)
#   Decrease number of Java threads
#   Decrease Java thread stack sizes (-Xss)
#   Set larger code cache with -XX:ReservedCodeCacheSize=
#   JVM is running with Zero Based Compressed Oops mode in which the Java heap is
#     placed in the first 32GB address space. The Java Heap base address is the
#     maximum limit for the native heap growth. Please use -XX:HeapBaseMinAddress
#     to set the Java Heap base and to place the Java Heap above 32GB virtual address.
# This output file may be truncated or incomplete.
#
#  Out of Memory Error (arena.cpp:78), pid=23040, tid=1636
#
# JRE version: Java(TM) SE Runtime Environment (17.0.11+7) (build 17.0.11+7-LTS-207)
# Java VM: Java HotSpot(TM) 64-Bit Server VM (17.0.11+7-LTS-207, mixed mode, sharing, tiered, compressed oops, compressed class ptrs, g1 gc, windows-amd64)
# No core dump will be written. Minidumps are not enabled by default on client versions of Windows
#

---------------  S U M M A R Y ------------

Command Line: -Dfile.encoding=UTF-8 -Dstdout.encoding=UTF-8 -Dstderr.encoding=UTF-8 -XX:+ShowCodeDetailsInExceptionMessages com.infosys.JdbcTemplateDemo.App

Host: AMD Ryzen 5 5500U with Radeon Graphics         , 12 cores, 15G,  Windows 11 , 64 bit Build 22621 (10.0.22621.3527)
Time: Sat Jun  8 12:41:23 2024 India Standard Time elapsed time: 0.559583 seconds (0d 0h 0m 0s)

---------------  T H R E A D  ---------------

Current thread (0x000001a1769d4cd0):  JavaThread "C1 CompilerThread0" daemon [_thread_in_native, id=1636, stack(0x0000001d35000000,0x0000001d35100000)]


Current CompileTask:
C1:    559 1048       3       org.springframework.asm.Frame::execute (2292 bytes)

Stack: [0x0000001d35000000,0x0000001d35100000]
Native frames: (J=compiled Java code, j=interpreted, Vv=VM code, C=native code)
V  [jvm.dll+0x679cca]
V  [jvm.dll+0x7da13d]
V  [jvm.dll+0x7dba83]
V  [jvm.dll+0x7dc0f3]
V  [jvm.dll+0x2449af]
V  [jvm.dll+0xaba8c]
V  [jvm.dll+0xabe1c]
V  [jvm.dll+0x11c425]
V  [jvm.dll+0x17f5e6]
V  [jvm.dll+0x180edd]
V  [jvm.dll+0x18073a]
V  [jvm.dll+0x149b9b]
V  [jvm.dll+0x134398]
V  [jvm.dll+0x134520]
V  [jvm.dll+0x1347f8]
V  [jvm.dll+0x133c81]
V  [jvm.dll+0x13596d]
V  [jvm.dll+0x225a2b]
V  [jvm.dll+0x223bcb]
V  [jvm.dll+0x7903ec]
V  [jvm.dll+0x78a85a]
V  [jvm.dll+0x678bb5]
C  [ucrtbase.dll+0x29333]
C  [KERNEL32.DLL+0x1257d]
C  [ntdll.dll+0x5aa48]


---------------  P R O C E S S  ---------------

Threads class SMR info:
_java_thread_list=0x000001a176bf7ef0, length=12, elements={
0x000001a153d4f750, 0x000001a1769bccd0, 0x000001a1769bd950, 0x000001a1769cd9e0,
0x000001a1769cf3b0, 0x000001a1769cfd70, 0x000001a1769d0b40, 0x000001a176af8470,
0x000001a1769d4cd0, 0x000001a1769dae00, 0x000001a176c1bc30, 0x000001a176c28e10
}

Java Threads: ( => current thread )
  0x000001a153d4f750 JavaThread "main" [_thread_in_vm, id=9100, stack(0x0000001d34200000,0x0000001d34300000)]
  0x000001a1769bccd0 JavaThread "Reference Handler" daemon [_thread_blocked, id=7256, stack(0x0000001d34900000,0x0000001d34a00000)]
  0x000001a1769bd950 JavaThread "Finalizer" daemon [_thread_blocked, id=15932, stack(0x0000001d34a00000,0x0000001d34b00000)]
  0x000001a1769cd9e0 JavaThread "Signal Dispatcher" daemon [_thread_blocked, id=26024, stack(0x0000001d34b00000,0x0000001d34c00000)]
  0x000001a1769cf3b0 JavaThread "Attach Listener" daemon [_thread_blocked, id=10920, stack(0x0000001d34c00000,0x0000001d34d00000)]
  0x000001a1769cfd70 JavaThread "Service Thread" daemon [_thread_blocked, id=25720, stack(0x0000001d34d00000,0x0000001d34e00000)]
  0x000001a1769d0b40 JavaThread "Monitor Deflation Thread" daemon [_thread_blocked, id=24320, stack(0x0000001d34e00000,0x0000001d34f00000)]
  0x000001a176af8470 JavaThread "C2 CompilerThread0" daemon [_thread_in_native, id=19364, stack(0x0000001d34f00000,0x0000001d35000000)]
=>0x000001a1769d4cd0 JavaThread "C1 CompilerThread0" daemon [_thread_in_native, id=1636, stack(0x0000001d35000000,0x0000001d35100000)]
  0x000001a1769dae00 JavaThread "Sweeper thread" daemon [_thread_blocked, id=5332, stack(0x0000001d35100000,0x0000001d35200000)]
  0x000001a176c1bc30 JavaThread "Notification Thread" daemon [_thread_blocked, id=16320, stack(0x0000001d35200000,0x0000001d35300000)]
  0x000001a176c28e10 JavaThread "Common-Cleaner" daemon [_thread_blocked, id=22708, stack(0x0000001d35400000,0x0000001d35500000)]

Other Threads:
  0x000001a1769b91d0 VMThread "VM Thread" [stack: 0x0000001d34800000,0x0000001d34900000] [id=23328]
  0x000001a153dd6ae0 WatcherThread [stack: 0x0000001d35300000,0x0000001d35400000] [id=14568]
  0x000001a153db9e40 GCTaskThread "GC Thread#0" [stack: 0x0000001d34300000,0x0000001d34400000] [id=23892]
  0x000001a153dcb330 ConcurrentGCThread "G1 Main Marker" [stack: 0x0000001d34400000,0x0000001d34500000] [id=19024]
  0x000001a153dcc4e0 ConcurrentGCThread "G1 Conc#0" [stack: 0x0000001d34500000,0x0000001d34600000] [id=5464]
  0x000001a1768740f0 ConcurrentGCThread "G1 Refine#0" [stack: 0x0000001d34600000,0x0000001d34700000] [id=11392]
  0x000001a153e1ea70 ConcurrentGCThread "G1 Service" [stack: 0x0000001d34700000,0x0000001d34800000] [id=12584]

Threads with active compile tasks:
C2 CompilerThread0      573 1022       4       jdk.internal.org.objectweb.asm.Frame::execute (2305 bytes)
C1 CompilerThread0      573 1048       3       org.springframework.asm.Frame::execute (2292 bytes)

VM state: not at safepoint (normal execution)

VM Mutex/Monitor currently owned by a thread: None

Heap address: 0x000000070a800000, size: 3928 MB, Compressed Oops mode: Zero based, Oop shift amount: 3

CDS archive(s) mapped at: [0x000001a100000000-0x000001a100bd0000-0x000001a100bd0000), size 12386304, SharedBaseAddress: 0x000001a100000000, ArchiveRelocationMode: 1.
Compressed class space mapped at: 0x000001a101000000-0x000001a141000000, reserved size: 1073741824
Narrow klass base: 0x000001a100000000, Narrow klass shift: 0, Narrow klass range: 0x100000000

GC Precious Log:
 CPUs: 12 total, 12 available
 Memory: 15709M
 Large Page Support: Disabled
 NUMA Support: Disabled
 Compressed Oops: Enabled (Zero based)
 Heap Region Size: 2M
 Heap Min Capacity: 8M
 Heap Initial Capacity: 246M
 Heap Max Capacity: 3928M
 Pre-touch: Disabled
 Parallel Workers: 10
 Concurrent Workers: 3
 Concurrent Refinement Workers: 10
 Periodic GC: Disabled

Heap:
 garbage-first heap   total 251904K, used 18432K [0x000000070a800000, 0x0000000800000000)
  region size 2048K, 10 young (20480K), 0 survivors (0K)
 Metaspace       used 6017K, committed 6272K, reserved 1114112K
  class space    used 717K, committed 832K, reserved 1048576K

Heap Regions: E=young(eden), S=young(survivor), O=old, HS=humongous(starts), HC=humongous(continues), CS=collection set, F=free, OA=open archive, CA=closed archive, TAMS=top-at-mark-start (previous, next)
|   0|0x000000070a800000, 0x000000070a800000, 0x000000070aa00000|  0%| F|  |TAMS 0x000000070a800000, 0x000000070a800000| Untracked 
|   1|0x000000070aa00000, 0x000000070aa00000, 0x000000070ac00000|  0%| F|  |TAMS 0x000000070aa00000, 0x000000070aa00000| Untracked 
|   2|0x000000070ac00000, 0x000000070ac00000, 0x000000070ae00000|  0%| F|  |TAMS 0x000000070ac00000, 0x000000070ac00000| Untracked 
|   3|0x000000070ae00000, 0x000000070ae00000, 0x000000070b000000|  0%| F|  |TAMS 0x000000070ae00000, 0x000000070ae00000| Untracked 
|   4|0x000000070b000000, 0x000000070b000000, 0x000000070b200000|  0%| F|  |TAMS 0x000000070b000000, 0x000000070b000000| Untracked 
|   5|0x000000070b200000, 0x000000070b200000, 0x000000070b400000|  0%| F|  |TAMS 0x000000070b200000, 0x000000070b200000| Untracked 
|   6|0x000000070b400000, 0x000000070b400000, 0x000000070b600000|  0%| F|  |TAMS 0x000000070b400000, 0x000000070b400000| Untracked 
|   7|0x000000070b600000, 0x000000070b600000, 0x000000070b800000|  0%| F|  |TAMS 0x000000070b600000, 0x000000070b600000| Untracked 
|   8|0x000000070b800000, 0x000000070b800000, 0x000000070ba00000|  0%| F|  |TAMS 0x000000070b800000, 0x000000070b800000| Untracked 
|   9|0x000000070ba00000, 0x000000070ba00000, 0x000000070bc00000|  0%| F|  |TAMS 0x000000070ba00000, 0x000000070ba00000| Untracked 
|  10|0x000000070bc00000, 0x000000070bc00000, 0x000000070be00000|  0%| F|  |TAMS 0x000000070bc00000, 0x000000070bc00000| Untracked 
|  11|0x000000070be00000, 0x000000070be00000, 0x000000070c000000|  0%| F|  |TAMS 0x000000070be00000, 0x000000070be00000| Untracked 
|  12|0x000000070c000000, 0x000000070c000000, 0x000000070c200000|  0%| F|  |TAMS 0x000000070c000000, 0x000000070c000000| Untracked 
|  13|0x000000070c200000, 0x000000070c200000, 0x000000070c400000|  0%| F|  |TAMS 0x000000070c200000, 0x000000070c200000| Untracked 
|  14|0x000000070c400000, 0x000000070c400000, 0x000000070c600000|  0%| F|  |TAMS 0x000000070c400000, 0x000000070c400000| Untracked 
|  15|0x000000070c600000, 0x000000070c600000, 0x000000070c800000|  0%| F|  |TAMS 0x000000070c600000, 0x000000070c600000| Untracked 
|  16|0x000000070c800000, 0x000000070c800000, 0x000000070ca00000|  0%| F|  |TAMS 0x000000070c800000, 0x000000070c800000| Untracked 
|  17|0x000000070ca00000, 0x000000070ca00000, 0x000000070cc00000|  0%| F|  |TAMS 0x000000070ca00000, 0x000000070ca00000| Untracked 
|  18|0x000000070cc00000, 0x000000070cc00000, 0x000000070ce00000|  0%| F|  |TAMS 0x000000070cc00000, 0x000000070cc00000| Untracked 
|  19|0x000000070ce00000, 0x000000070ce00000, 0x000000070d000000|  0%| F|  |TAMS 0x000000070ce00000, 0x000000070ce00000| Untracked 
|  20|0x000000070d000000, 0x000000070d000000, 0x000000070d200000|  0%| F|  |TAMS 0x000000070d000000, 0x000000070d000000| Untracked 
|  21|0x000000070d200000, 0x000000070d200000, 0x000000070d400000|  0%| F|  |TAMS 0x000000070d200000, 0x000000070d200000| Untracked 
|  22|0x000000070d400000, 0x000000070d400000, 0x000000070d600000|  0%| F|  |TAMS 0x000000070d400000, 0x000000070d400000| Untracked 
|  23|0x000000070d600000, 0x000000070d600000, 0x000000070d800000|  0%| F|  |TAMS 0x000000070d600000, 0x000000070d600000| Untracked 
|  24|0x000000070d800000, 0x000000070d800000, 0x000000070da00000|  0%| F|  |TAMS 0x000000070d800000, 0x000000070d800000| Untracked 
|  25|0x000000070da00000, 0x000000070da00000, 0x000000070dc00000|  0%| F|  |TAMS 0x000000070da00000, 0x000000070da00000| Untracked 
|  26|0x000000070dc00000, 0x000000070dc00000, 0x000000070de00000|  0%| F|  |TAMS 0x000000070dc00000, 0x000000070dc00000| Untracked 
|  27|0x000000070de00000, 0x000000070de00000, 0x000000070e000000|  0%| F|  |TAMS 0x000000070de00000, 0x000000070de00000| Untracked 
|  28|0x000000070e000000, 0x000000070e000000, 0x000000070e200000|  0%| F|  |TAMS 0x000000070e000000, 0x000000070e000000| Untracked 
|  29|0x000000070e200000, 0x000000070e200000, 0x000000070e400000|  0%| F|  |TAMS 0x000000070e200000, 0x000000070e200000| Untracked 
|  30|0x000000070e400000, 0x000000070e400000, 0x000000070e600000|  0%| F|  |TAMS 0x000000070e400000, 0x000000070e400000| Untracked 
|  31|0x000000070e600000, 0x000000070e600000, 0x000000070e800000|  0%| F|  |TAMS 0x000000070e600000, 0x000000070e600000| Untracked 
|  32|0x000000070e800000, 0x000000070e800000, 0x000000070ea00000|  0%| F|  |TAMS 0x000000070e800000, 0x000000070e800000| Untracked 
|  33|0x000000070ea00000, 0x000000070ea00000, 0x000000070ec00000|  0%| F|  |TAMS 0x000000070ea00000, 0x000000070ea00000| Untracked 
|  34|0x000000070ec00000, 0x000000070ec00000, 0x000000070ee00000|  0%| F|  |TAMS 0x000000070ec00000, 0x000000070ec00000| Untracked 
|  35|0x000000070ee00000, 0x000000070ee00000, 0x000000070f000000|  0%| F|  |TAMS 0x000000070ee00000, 0x000000070ee00000| Untracked 
|  36|0x000000070f000000, 0x000000070f000000, 0x000000070f200000|  0%| F|  |TAMS 0x000000070f000000, 0x000000070f000000| Untracked 
|  37|0x000000070f200000, 0x000000070f200000, 0x000000070f400000|  0%| F|  |TAMS 0x000000070f200000, 0x000000070f200000| Untracked 
|  38|0x000000070f400000, 0x000000070f400000, 0x000000070f600000|  0%| F|  |TAMS 0x000000070f400000, 0x000000070f400000| Untracked 
|  39|0x000000070f600000, 0x000000070f600000, 0x000000070f800000|  0%| F|  |TAMS 0x000000070f600000, 0x000000070f600000| Untracked 
|  40|0x000000070f800000, 0x000000070f800000, 0x000000070fa00000|  0%| F|  |TAMS 0x000000070f800000, 0x000000070f800000| Untracked 
|  41|0x000000070fa00000, 0x000000070fa00000, 0x000000070fc00000|  0%| F|  |TAMS 0x000000070fa00000, 0x000000070fa00000| Untracked 
|  42|0x000000070fc00000, 0x000000070fc00000, 0x000000070fe00000|  0%| F|  |TAMS 0x000000070fc00000, 0x000000070fc00000| Untracked 
|  43|0x000000070fe00000, 0x000000070fe00000, 0x0000000710000000|  0%| F|  |TAMS 0x000000070fe00000, 0x000000070fe00000| Untracked 
|  44|0x0000000710000000, 0x0000000710000000, 0x0000000710200000|  0%| F|  |TAMS 0x0000000710000000, 0x0000000710000000| Untracked 
|  45|0x0000000710200000, 0x0000000710200000, 0x0000000710400000|  0%| F|  |TAMS 0x0000000710200000, 0x0000000710200000| Untracked 
|  46|0x0000000710400000, 0x0000000710400000, 0x0000000710600000|  0%| F|  |TAMS 0x0000000710400000, 0x0000000710400000| Untracked 
|  47|0x0000000710600000, 0x0000000710600000, 0x0000000710800000|  0%| F|  |TAMS 0x0000000710600000, 0x0000000710600000| Untracked 
|  48|0x0000000710800000, 0x0000000710800000, 0x0000000710a00000|  0%| F|  |TAMS 0x0000000710800000, 0x0000000710800000| Untracked 
|  49|0x0000000710a00000, 0x0000000710a00000, 0x0000000710c00000|  0%| F|  |TAMS 0x0000000710a00000, 0x0000000710a00000| Untracked 
|  50|0x0000000710c00000, 0x0000000710c00000, 0x0000000710e00000|  0%| F|  |TAMS 0x0000000710c00000, 0x0000000710c00000| Untracked 
|  51|0x0000000710e00000, 0x0000000710e00000, 0x0000000711000000|  0%| F|  |TAMS 0x0000000710e00000, 0x0000000710e00000| Untracked 
|  52|0x0000000711000000, 0x0000000711000000, 0x0000000711200000|  0%| F|  |TAMS 0x0000000711000000, 0x0000000711000000| Untracked 
|  53|0x0000000711200000, 0x0000000711200000, 0x0000000711400000|  0%| F|  |TAMS 0x0000000711200000, 0x0000000711200000| Untracked 
|  54|0x0000000711400000, 0x0000000711400000, 0x0000000711600000|  0%| F|  |TAMS 0x0000000711400000, 0x0000000711400000| Untracked 
|  55|0x0000000711600000, 0x0000000711600000, 0x0000000711800000|  0%| F|  |TAMS 0x0000000711600000, 0x0000000711600000| Untracked 
|  56|0x0000000711800000, 0x0000000711800000, 0x0000000711a00000|  0%| F|  |TAMS 0x0000000711800000, 0x0000000711800000| Untracked 
|  57|0x0000000711a00000, 0x0000000711a00000, 0x0000000711c00000|  0%| F|  |TAMS 0x0000000711a00000, 0x0000000711a00000| Untracked 
|  58|0x0000000711c00000, 0x0000000711c00000, 0x0000000711e00000|  0%| F|  |TAMS 0x0000000711c00000, 0x0000000711c00000| Untracked 
|  59|0x0000000711e00000, 0x0000000711e00000, 0x0000000712000000|  0%| F|  |TAMS 0x0000000711e00000, 0x0000000711e00000| Untracked 
|  60|0x0000000712000000, 0x0000000712000000, 0x0000000712200000|  0%| F|  |TAMS 0x0000000712000000, 0x0000000712000000| Untracked 
|  61|0x0000000712200000, 0x0000000712200000, 0x0000000712400000|  0%| F|  |TAMS 0x0000000712200000, 0x0000000712200000| Untracked 
|  62|0x0000000712400000, 0x0000000712400000, 0x0000000712600000|  0%| F|  |TAMS 0x0000000712400000, 0x0000000712400000| Untracked 
|  63|0x0000000712600000, 0x0000000712600000, 0x0000000712800000|  0%| F|  |TAMS 0x0000000712600000, 0x0000000712600000| Untracked 
|  64|0x0000000712800000, 0x0000000712800000, 0x0000000712a00000|  0%| F|  |TAMS 0x0000000712800000, 0x0000000712800000| Untracked 
|  65|0x0000000712a00000, 0x0000000712a00000, 0x0000000712c00000|  0%| F|  |TAMS 0x0000000712a00000, 0x0000000712a00000| Untracked 
|  66|0x0000000712c00000, 0x0000000712c00000, 0x0000000712e00000|  0%| F|  |TAMS 0x0000000712c00000, 0x0000000712c00000| Untracked 
|  67|0x0000000712e00000, 0x0000000712e00000, 0x0000000713000000|  0%| F|  |TAMS 0x0000000712e00000, 0x0000000712e00000| Untracked 
|  68|0x0000000713000000, 0x0000000713000000, 0x0000000713200000|  0%| F|  |TAMS 0x0000000713000000, 0x0000000713000000| Untracked 
|  69|0x0000000713200000, 0x0000000713200000, 0x0000000713400000|  0%| F|  |TAMS 0x0000000713200000, 0x0000000713200000| Untracked 
|  70|0x0000000713400000, 0x0000000713400000, 0x0000000713600000|  0%| F|  |TAMS 0x0000000713400000, 0x0000000713400000| Untracked 
|  71|0x0000000713600000, 0x0000000713600000, 0x0000000713800000|  0%| F|  |TAMS 0x0000000713600000, 0x0000000713600000| Untracked 
|  72|0x0000000713800000, 0x0000000713800000, 0x0000000713a00000|  0%| F|  |TAMS 0x0000000713800000, 0x0000000713800000| Untracked 
|  73|0x0000000713a00000, 0x0000000713a00000, 0x0000000713c00000|  0%| F|  |TAMS 0x0000000713a00000, 0x0000000713a00000| Untracked 
|  74|0x0000000713c00000, 0x0000000713c00000, 0x0000000713e00000|  0%| F|  |TAMS 0x0000000713c00000, 0x0000000713c00000| Untracked 
|  75|0x0000000713e00000, 0x0000000713e00000, 0x0000000714000000|  0%| F|  |TAMS 0x0000000713e00000, 0x0000000713e00000| Untracked 
|  76|0x0000000714000000, 0x0000000714000000, 0x0000000714200000|  0%| F|  |TAMS 0x0000000714000000, 0x0000000714000000| Untracked 
|  77|0x0000000714200000, 0x0000000714200000, 0x0000000714400000|  0%| F|  |TAMS 0x0000000714200000, 0x0000000714200000| Untracked 
|  78|0x0000000714400000, 0x0000000714400000, 0x0000000714600000|  0%| F|  |TAMS 0x0000000714400000, 0x0000000714400000| Untracked 
|  79|0x0000000714600000, 0x0000000714600000, 0x0000000714800000|  0%| F|  |TAMS 0x0000000714600000, 0x0000000714600000| Untracked 
|  80|0x0000000714800000, 0x0000000714800000, 0x0000000714a00000|  0%| F|  |TAMS 0x0000000714800000, 0x0000000714800000| Untracked 
|  81|0x0000000714a00000, 0x0000000714a00000, 0x0000000714c00000|  0%| F|  |TAMS 0x0000000714a00000, 0x0000000714a00000| Untracked 
|  82|0x0000000714c00000, 0x0000000714c00000, 0x0000000714e00000|  0%| F|  |TAMS 0x0000000714c00000, 0x0000000714c00000| Untracked 
|  83|0x0000000714e00000, 0x0000000714e00000, 0x0000000715000000|  0%| F|  |TAMS 0x0000000714e00000, 0x0000000714e00000| Untracked 
|  84|0x0000000715000000, 0x0000000715000000, 0x0000000715200000|  0%| F|  |TAMS 0x0000000715000000, 0x0000000715000000| Untracked 
|  85|0x0000000715200000, 0x0000000715200000, 0x0000000715400000|  0%| F|  |TAMS 0x0000000715200000, 0x0000000715200000| Untracked 
|  86|0x0000000715400000, 0x0000000715400000, 0x0000000715600000|  0%| F|  |TAMS 0x0000000715400000, 0x0000000715400000| Untracked 
|  87|0x0000000715600000, 0x0000000715600000, 0x0000000715800000|  0%| F|  |TAMS 0x0000000715600000, 0x0000000715600000| Untracked 
|  88|0x0000000715800000, 0x0000000715800000, 0x0000000715a00000|  0%| F|  |TAMS 0x0000000715800000, 0x0000000715800000| Untracked 
|  89|0x0000000715a00000, 0x0000000715a00000, 0x0000000715c00000|  0%| F|  |TAMS 0x0000000715a00000, 0x0000000715a00000| Untracked 
|  90|0x0000000715c00000, 0x0000000715c00000, 0x0000000715e00000|  0%| F|  |TAMS 0x0000000715c00000, 0x0000000715c00000| Untracked 
|  91|0x0000000715e00000, 0x0000000715e00000, 0x0000000716000000|  0%| F|  |TAMS 0x0000000715e00000, 0x0000000715e00000| Untracked 
|  92|0x0000000716000000, 0x0000000716000000, 0x0000000716200000|  0%| F|  |TAMS 0x0000000716000000, 0x0000000716000000| Untracked 
|  93|0x0000000716200000, 0x0000000716200000, 0x0000000716400000|  0%| F|  |TAMS 0x0000000716200000, 0x0000000716200000| Untracked 
|  94|0x0000000716400000, 0x0000000716400000, 0x0000000716600000|  0%| F|  |TAMS 0x0000000716400000, 0x0000000716400000| Untracked 
|  95|0x0000000716600000, 0x0000000716600000, 0x0000000716800000|  0%| F|  |TAMS 0x0000000716600000, 0x0000000716600000| Untracked 
|  96|0x0000000716800000, 0x0000000716800000, 0x0000000716a00000|  0%| F|  |TAMS 0x0000000716800000, 0x0000000716800000| Untracked 
|  97|0x0000000716a00000, 0x0000000716a00000, 0x0000000716c00000|  0%| F|  |TAMS 0x0000000716a00000, 0x0000000716a00000| Untracked 
|  98|0x0000000716c00000, 0x0000000716c00000, 0x0000000716e00000|  0%| F|  |TAMS 0x0000000716c00000, 0x0000000716c00000| Untracked 
|  99|0x0000000716e00000, 0x0000000716e00000, 0x0000000717000000|  0%| F|  |TAMS 0x0000000716e00000, 0x0000000716e00000| Untracked 
| 100|0x0000000717000000, 0x0000000717000000, 0x0000000717200000|  0%| F|  |TAMS 0x0000000717000000, 0x0000000717000000| Untracked 
| 101|0x0000000717200000, 0x0000000717200000, 0x0000000717400000|  0%| F|  |TAMS 0x0000000717200000, 0x0000000717200000| Untracked 
| 102|0x0000000717400000, 0x0000000717400000, 0x0000000717600000|  0%| F|  |TAMS 0x0000000717400000, 0x0000000717400000| Untracked 
| 103|0x0000000717600000, 0x0000000717600000, 0x0000000717800000|  0%| F|  |TAMS 0x0000000717600000, 0x0000000717600000| Untracked 
| 104|0x0000000717800000, 0x0000000717800000, 0x0000000717a00000|  0%| F|  |TAMS 0x0000000717800000, 0x0000000717800000| Untracked 
| 105|0x0000000717a00000, 0x0000000717a00000, 0x0000000717c00000|  0%| F|  |TAMS 0x0000000717a00000, 0x0000000717a00000| Untracked 
| 106|0x0000000717c00000, 0x0000000717c00000, 0x0000000717e00000|  0%| F|  |TAMS 0x0000000717c00000, 0x0000000717c00000| Untracked 
| 107|0x0000000717e00000, 0x0000000717e00000, 0x0000000718000000|  0%| F|  |TAMS 0x0000000717e00000, 0x0000000717e00000| Untracked 
| 108|0x0000000718000000, 0x0000000718000000, 0x0000000718200000|  0%| F|  |TAMS 0x0000000718000000, 0x0000000718000000| Untracked 
| 109|0x0000000718200000, 0x0000000718200000, 0x0000000718400000|  0%| F|  |TAMS 0x0000000718200000, 0x0000000718200000| Untracked 
| 110|0x0000000718400000, 0x0000000718400000, 0x0000000718600000|  0%| F|  |TAMS 0x0000000718400000, 0x0000000718400000| Untracked 
| 111|0x0000000718600000, 0x0000000718600000, 0x0000000718800000|  0%| F|  |TAMS 0x0000000718600000, 0x0000000718600000| Untracked 
| 112|0x0000000718800000, 0x0000000718800000, 0x0000000718a00000|  0%| F|  |TAMS 0x0000000718800000, 0x0000000718800000| Untracked 
| 113|0x0000000718a00000, 0x0000000718b531f8, 0x0000000718c00000| 66%| E|  |TAMS 0x0000000718a00000, 0x0000000718a00000| Complete 
| 114|0x0000000718c00000, 0x0000000718e00000, 0x0000000718e00000|100%| E|CS|TAMS 0x0000000718c00000, 0x0000000718c00000| Complete 
| 115|0x0000000718e00000, 0x0000000719000000, 0x0000000719000000|100%| E|CS|TAMS 0x0000000718e00000, 0x0000000718e00000| Complete 
| 116|0x0000000719000000, 0x0000000719200000, 0x0000000719200000|100%| E|CS|TAMS 0x0000000719000000, 0x0000000719000000| Complete 
| 117|0x0000000719200000, 0x0000000719400000, 0x0000000719400000|100%| E|CS|TAMS 0x0000000719200000, 0x0000000719200000| Complete 
| 118|0x0000000719400000, 0x0000000719600000, 0x0000000719600000|100%| E|CS|TAMS 0x0000000719400000, 0x0000000719400000| Complete 
| 119|0x0000000719600000, 0x0000000719800000, 0x0000000719800000|100%| E|CS|TAMS 0x0000000719600000, 0x0000000719600000| Complete 
| 120|0x0000000719800000, 0x0000000719a00000, 0x0000000719a00000|100%| E|CS|TAMS 0x0000000719800000, 0x0000000719800000| Complete 
| 121|0x0000000719a00000, 0x0000000719c00000, 0x0000000719c00000|100%| E|CS|TAMS 0x0000000719a00000, 0x0000000719a00000| Complete 
| 122|0x0000000719c00000, 0x0000000719e00000, 0x0000000719e00000|100%| E|CS|TAMS 0x0000000719c00000, 0x0000000719c00000| Complete 

Card table byte_map: [0x000001a16b320000,0x000001a16bad0000] _byte_map_base: 0x000001a167acc000

Marking Bits (Prev, Next): (CMBitMap*) 0x000001a153dba460, (CMBitMap*) 0x000001a153dba4a0
 Prev Bits: [0x000001a16c280000, 0x000001a16ffe0000)
 Next Bits: [0x000001a16ffe0000, 0x000001a173d40000)

Polling page: 0x000001a151cf0000

Metaspace:

Usage:
  Non-class:      5.24 MB used.
      Class:    724.42 KB used.
       Both:      5.95 MB used.

Virtual space:
  Non-class space:       64.00 MB reserved,       5.38 MB (  8%) committed,  1 nodes.
      Class space:        1.00 GB reserved,     832.00 KB ( <1%) committed,  1 nodes.
             Both:        1.06 GB reserved,       6.19 MB ( <1%) committed. 

Chunk freelists:
   Non-Class:  8.56 MB
       Class:  15.16 MB
        Both:  23.72 MB

MaxMetaspaceSize: unlimited
CompressedClassSpaceSize: 1.00 GB
Initial GC threshold: 21.00 MB
Current GC threshold: 21.00 MB
CDS: on
MetaspaceReclaimPolicy: balanced
 - commit_granule_bytes: 65536.
 - commit_granule_words: 8192.
 - virtual_space_node_default_size: 8388608.
 - enlarge_chunks_in_place: 1.
 - new_chunks_are_fully_committed: 0.
 - uncommit_free_chunks: 1.
 - use_allocation_guard: 0.
 - handle_deallocations: 1.


Internal statistics:

num_allocs_failed_limit: 0.
num_arena_births: 228.
num_arena_deaths: 0.
num_vsnodes_births: 2.
num_vsnodes_deaths: 0.
num_space_committed: 99.
num_space_uncommitted: 0.
num_chunks_returned_to_freelist: 0.
num_chunks_taken_from_freelist: 435.
num_chunk_merges: 0.
num_chunk_splits: 283.
num_chunks_enlarged: 186.
num_inconsistent_stats: 0.

CodeHeap 'non-profiled nmethods': size=120000Kb used=300Kb max_used=300Kb free=119700Kb
 bounds [0x000001a1630e0000, 0x000001a163350000, 0x000001a16a610000]
CodeHeap 'profiled nmethods': size=120000Kb used=1861Kb max_used=1861Kb free=118138Kb
 bounds [0x000001a15b610000, 0x000001a15b880000, 0x000001a162b40000]
CodeHeap 'non-nmethods': size=5760Kb used=1143Kb max_used=1154Kb free=4616Kb
 bounds [0x000001a162b40000, 0x000001a162db0000, 0x000001a1630e0000]
 total_blobs=1476 nmethods=1046 adapters=343
 compilation: enabled
              stopped_count=0, restarted_count=0
 full_count=0

Compilation events (20 events):
Event: 0.539 Thread 0x000001a1769d4cd0 nmethod 1038 0x000001a15b7db590 code [0x000001a15b7db740, 0x000001a15b7db928]
Event: 0.539 Thread 0x000001a1769d4cd0 1039       3       java.lang.invoke.MemberName::isField (8 bytes)
Event: 0.540 Thread 0x000001a1769d4cd0 nmethod 1039 0x000001a15b7dba10 code [0x000001a15b7dbbc0, 0x000001a15b7dbdf8]
Event: 0.541 Thread 0x000001a1769d4cd0 1040       2       jdk.internal.misc.Unsafe::allocateUninitializedArray (55 bytes)
Event: 0.541 Thread 0x000001a1769d4cd0 nmethod 1040 0x000001a15b7dbf10 code [0x000001a15b7dc0e0, 0x000001a15b7dc458]
Event: 0.544 Thread 0x000001a1769d4cd0 1041       3       org.springframework.asm.SymbolTable::get (13 bytes)
Event: 0.544 Thread 0x000001a1769d4cd0 nmethod 1041 0x000001a15b7dc610 code [0x000001a15b7dc7a0, 0x000001a15b7dc8f8]
Event: 0.545 Thread 0x000001a1769d4cd0 1042       3       org.springframework.asm.SymbolTable::hash (10 bytes)
Event: 0.545 Thread 0x000001a1769d4cd0 nmethod 1042 0x000001a15b7dca10 code [0x000001a15b7dcba0, 0x000001a15b7dccc8]
Event: 0.546 Thread 0x000001a1769d4cd0 1043       3       org.springframework.asm.ByteVector::putByte (39 bytes)
Event: 0.546 Thread 0x000001a1769d4cd0 nmethod 1043 0x000001a15b7dcd90 code [0x000001a15b7dcf40, 0x000001a15b7dd128]
Event: 0.547 Thread 0x000001a1769d4cd0 1044       3       java.lang.invoke.DirectMethodHandle::make (275 bytes)
Event: 0.548 Thread 0x000001a1769d4cd0 nmethod 1044 0x000001a15b7dd290 code [0x000001a15b7dd620, 0x000001a15b7dea98]
Event: 0.550 Thread 0x000001a1769d4cd0 1045       3       java.lang.invoke.DirectMethodHandle$Holder::newInvokeSpecial (21 bytes)
Event: 0.550 Thread 0x000001a1769d4cd0 nmethod 1045 0x000001a15b7df290 code [0x000001a15b7df480, 0x000001a15b7dfb28]
Event: 0.550 Thread 0x000001a1769d4cd0 1046       1       org.springframework.cglib.core.Signature::getName (5 bytes)
Event: 0.550 Thread 0x000001a1769d4cd0 nmethod 1046 0x000001a16312aa10 code [0x000001a16312aba0, 0x000001a16312ac78]
Event: 0.551 Thread 0x000001a1769d4cd0 1047       3       java.util.WeakHashMap::put (160 bytes)
Event: 0.551 Thread 0x000001a1769d4cd0 nmethod 1047 0x000001a15b7dfd10 code [0x000001a15b7dffa0, 0x000001a15b7e1028]
Event: 0.552 Thread 0x000001a1769d4cd0 1048       3       org.springframework.asm.Frame::execute (2292 bytes)

GC Heap History (0 events):
No events

Deoptimization events (20 events):
Event: 0.528 Thread 0x000001a153d4f750 Uncommon trap: trap_request=0xffffff45 fr.pc=0x000001a163115570 relative=0x00000000000000f0
Event: 0.528 Thread 0x000001a153d4f750 Uncommon trap: reason=unstable_if action=reinterpret pc=0x000001a163115570 method=jdk.internal.org.objectweb.asm.ByteVector.putShort(I)Ljdk/internal/org/objectweb/asm/ByteVector; @ 13 c2
Event: 0.528 Thread 0x000001a153d4f750 DEOPT PACKING pc=0x000001a163115570 sp=0x0000001d342fc5e0
Event: 0.528 Thread 0x000001a153d4f750 DEOPT UNPACKING pc=0x000001a162b923a3 sp=0x0000001d342fc578 mode 2
Event: 0.531 Thread 0x000001a153d4f750 Uncommon trap: trap_request=0xffffffde fr.pc=0x000001a16312a52c relative=0x000000000000010c
Event: 0.531 Thread 0x000001a153d4f750 Uncommon trap: reason=class_check action=maybe_recompile pc=0x000001a16312a52c method=jdk.internal.misc.Unsafe.allocateUninitializedArray(Ljava/lang/Class;I)Ljava/lang/Object; @ 51 c2
Event: 0.531 Thread 0x000001a153d4f750 DEOPT PACKING pc=0x000001a16312a52c sp=0x0000001d342fce80
Event: 0.531 Thread 0x000001a153d4f750 DEOPT UNPACKING pc=0x000001a162b923a3 sp=0x0000001d342fce08 mode 2
Event: 0.532 Thread 0x000001a153d4f750 Uncommon trap: trap_request=0xffffffde fr.pc=0x000001a16312a52c relative=0x000000000000010c
Event: 0.532 Thread 0x000001a153d4f750 Uncommon trap: reason=class_check action=maybe_recompile pc=0x000001a16312a52c method=jdk.internal.misc.Unsafe.allocateUninitializedArray(Ljava/lang/Class;I)Ljava/lang/Object; @ 51 c2
Event: 0.532 Thread 0x000001a153d4f750 DEOPT PACKING pc=0x000001a16312a52c sp=0x0000001d342fcd50
Event: 0.532 Thread 0x000001a153d4f750 DEOPT UNPACKING pc=0x000001a162b923a3 sp=0x0000001d342fccd8 mode 2
Event: 0.533 Thread 0x000001a153d4f750 Uncommon trap: trap_request=0xffffffde fr.pc=0x000001a16312a52c relative=0x000000000000010c
Event: 0.533 Thread 0x000001a153d4f750 Uncommon trap: reason=class_check action=maybe_recompile pc=0x000001a16312a52c method=jdk.internal.misc.Unsafe.allocateUninitializedArray(Ljava/lang/Class;I)Ljava/lang/Object; @ 51 c2
Event: 0.533 Thread 0x000001a153d4f750 DEOPT PACKING pc=0x000001a16312a52c sp=0x0000001d342fcd40
Event: 0.533 Thread 0x000001a153d4f750 DEOPT UNPACKING pc=0x000001a162b923a3 sp=0x0000001d342fccc8 mode 2
Event: 0.533 Thread 0x000001a153d4f750 Uncommon trap: trap_request=0xffffffde fr.pc=0x000001a16312a52c relative=0x000000000000010c
Event: 0.533 Thread 0x000001a153d4f750 Uncommon trap: reason=class_check action=maybe_recompile pc=0x000001a16312a52c method=jdk.internal.misc.Unsafe.allocateUninitializedArray(Ljava/lang/Class;I)Ljava/lang/Object; @ 51 c2
Event: 0.533 Thread 0x000001a153d4f750 DEOPT PACKING pc=0x000001a16312a52c sp=0x0000001d342fcd30
Event: 0.533 Thread 0x000001a153d4f750 DEOPT UNPACKING pc=0x000001a162b923a3 sp=0x0000001d342fccb8 mode 2

Classes unloaded (0 events):
No events

Classes redefined (0 events):
No events

Internal exceptions (20 events):
Event: 0.486 Thread 0x000001a153d4f750 Exception <a 'java/lang/NoSuchMethodError'{0x0000000718fd2818}: 'java.lang.Object java.lang.invoke.DirectMethodHandle$Holder.invokeStatic(java.lang.Object, java.lang.Object, int)'> (0x0000000718fd2818) 
thrown [s\open\src\hotspot\share\interpreter\linkResolver.cpp, line 759]
Event: 0.488 Thread 0x000001a153d4f750 Exception <a 'java/lang/NoSuchMethodError'{0x0000000718fe5da8}: 'void java.lang.invoke.DelegatingMethodHandle$Holder.delegate(java.lang.Object, java.lang.Object, int, java.lang.Object)'> (0x0000000718fe5da8) 
thrown [s\open\src\hotspot\share\interpreter\linkResolver.cpp, line 759]
Event: 0.489 Thread 0x000001a153d4f750 Exception <a 'java/lang/NoSuchMethodError'{0x0000000718fee260}: 'java.lang.Object java.lang.invoke.DirectMethodHandle$Holder.invokeSpecial(java.lang.Object, java.lang.Object, java.lang.Object, java.lang.Object, java.lang.Object, java.lang.Object, java.lang.Object, java.lang.Object, java.lang.Object)'> (0x0000000718fee260) 
thrown [s\open\src\hotspot\share\interpreter\linkResolver.cpp, line 759]
Event: 0.493 Thread 0x000001a153d4f750 Exception <a 'java/lang/NoSuchMethodError'{0x0000000718c13be8}: 'java.lang.Object java.lang.invoke.DirectMethodHandle$Holder.invokeSpecial(java.lang.Object, java.lang.Object, java.lang.Object, java.lang.Object, java.lang.Object, java.lang.Object, java.lang.Object, java.lang.Object, java.lang.Object, java.lang.Object, java.lang.Object, java.lang.Object, java.lang.Object, java.lang.Object)'> (0x0000000718c13be8) 
thrown [s\open\src\hotspot\share\interpreter\linkResolver.cpp, line 759]
Event: 0.493 Thread 0x000001a153d4f750 Exception <a 'java/lang/NoSuchMethodError'{0x0000000718c188b8}: 'java.lang.Object java.lang.invoke.Invokers$Holder.invoker(java.lang.Object, java.lang.Object, java.lang.Object, java.lang.Object, java.lang.Object, java.lang.Object, java.lang.Object, java.lang.Object, java.lang.Object, java.lang.Object, java.lang.Object, java.lang.Object, java.lang.Object, java.lang.Object)'> (0x0000000718c188b8) 
thrown [s\open\src\hotspot\share\interpreter\linkResolver.cpp, line 759]
Event: 0.493 Thread 0x000001a153d4f750 Exception <a 'java/lang/NoSuchMethodError'{0x0000000718c1e5a8}: 'java.lang.Object java.lang.invoke.DirectMethodHandle$Holder.invokeSpecial(java.lang.Object, java.lang.Object, java.lang.Object, java.lang.Object, java.lang.Object, java.lang.Object, java.lang.Object, java.lang.Object, java.lang.Object, java.lang.Object, java.lang.Object, java.lang.Object, java.lang.Object, java.lang.Object, java.lang.Object)'> (0x0000000718c1e5a8) 
thrown [s\open\src\hotspot\share\interpreter\linkResolver.cpp, line 759]
Event: 0.495 Thread 0x000001a153d4f750 Exception <a 'java/lang/NoSuchMethodError'{0x0000000718c314d8}: 'int java.lang.invoke.DirectMethodHandle$Holder.invokeVirtual(java.lang.Object, java.lang.Object, java.lang.Object)'> (0x0000000718c314d8) 
thrown [s\open\src\hotspot\share\interpreter\linkResolver.cpp, line 759]
Event: 0.496 Thread 0x000001a153d4f750 Exception <a 'java/lang/NoSuchMethodError'{0x0000000718c34dc0}: 'int java.lang.invoke.DirectMethodHandle$Holder.invokeVirtual(java.lang.Object, java.lang.Object)'> (0x0000000718c34dc0) 
thrown [s\open\src\hotspot\share\interpreter\linkResolver.cpp, line 759]
Event: 0.496 Thread 0x000001a153d4f750 Exception <a 'java/lang/NoSuchMethodError'{0x0000000718c38fe0}: 'int java.lang.invoke.DirectMethodHandle$Holder.invokeStaticInit(java.lang.Object, int, int)'> (0x0000000718c38fe0) 
thrown [s\open\src\hotspot\share\interpreter\linkResolver.cpp, line 759]
Event: 0.496 Thread 0x000001a153d4f750 Exception <a 'java/lang/NoSuchMethodError'{0x0000000718c408c8}: 'int java.lang.invoke.DirectMethodHandle$Holder.invokeStaticInit(java.lang.Object, long, long)'> (0x0000000718c408c8) 
thrown [s\open\src\hotspot\share\interpreter\linkResolver.cpp, line 759]
Event: 0.497 Thread 0x000001a153d4f750 Exception <a 'java/lang/NoSuchMethodError'{0x0000000718c47718}: 'int java.lang.invoke.DirectMethodHandle$Holder.invokeStaticInit(java.lang.Object, float, float)'> (0x0000000718c47718) 
thrown [s\open\src\hotspot\share\interpreter\linkResolver.cpp, line 759]
Event: 0.498 Thread 0x000001a153d4f750 Exception <a 'java/lang/NoSuchMethodError'{0x0000000718c4e570}: 'int java.lang.invoke.DirectMethodHandle$Holder.invokeStaticInit(java.lang.Object, double, double)'> (0x0000000718c4e570) 
thrown [s\open\src\hotspot\share\interpreter\linkResolver.cpp, line 759]
Event: 0.499 Thread 0x000001a153d4f750 Exception <a 'java/lang/NoSuchMethodError'{0x0000000718c52b78}: 'int java.lang.invoke.DirectMethodHandle$Holder.invokeStatic(java.lang.Object, long)'> (0x0000000718c52b78) 
thrown [s\open\src\hotspot\share\interpreter\linkResolver.cpp, line 759]
Event: 0.502 Thread 0x000001a153d4f750 Exception <a 'java/lang/NoSuchMethodError'{0x0000000718c777f0}: 'int java.lang.invoke.DirectMethodHandle$Holder.invokeSpecial(java.lang.Object, java.lang.Object, int)'> (0x0000000718c777f0) 
thrown [s\open\src\hotspot\share\interpreter\linkResolver.cpp, line 759]
Event: 0.503 Thread 0x000001a153d4f750 Exception <a 'java/lang/NoSuchMethodError'{0x0000000718c7f150}: 'int java.lang.invoke.Invokers$Holder.linkToTargetMethod(java.lang.Object, java.lang.Object)'> (0x0000000718c7f150) 
thrown [s\open\src\hotspot\share\interpreter\linkResolver.cpp, line 759]
Event: 0.520 Thread 0x000001a153d4f750 Exception <a 'java/lang/NoSuchMethodError'{0x0000000718d30b18}: 'java.lang.Object java.lang.invoke.DirectMethodHandle$Holder.invokeSpecial(java.lang.Object, java.lang.Object, java.lang.Object, java.lang.Object, java.lang.Object, java.lang.Object, java.lang.Object, java.lang.Object, java.lang.Object, java.lang.Object)'> (0x0000000718d30b18) 
thrown [s\open\src\hotspot\share\interpreter\linkResolver.cpp, line 759]
Event: 0.520 Thread 0x000001a153d4f750 Exception <a 'java/lang/NoSuchMethodError'{0x0000000718d35100}: 'java.lang.Object java.lang.invoke.Invokers$Holder.invoke_MT(java.lang.Object, java.lang.Object, java.lang.Object, java.lang.Object, java.lang.Object, java.lang.Object, java.lang.Object, java.lang.Object, java.lang.Object, java.lang.Object)'> (0x0000000718d35100) 
thrown [s\open\src\hotspot\share\interpreter\linkResolver.cpp, line 759]
Event: 0.527 Thread 0x000001a153d4f750 Exception <a 'java/lang/NoSuchMethodError'{0x0000000718d735b8}: 'java.lang.Object java.lang.invoke.DirectMethodHandle$Holder.invokeSpecial(java.lang.Object, java.lang.Object, int, java.lang.Object, java.lang.Object)'> (0x0000000718d735b8) 
thrown [s\open\src\hotspot\share\interpreter\linkResolver.cpp, line 759]
Event: 0.527 Thread 0x000001a153d4f750 Exception <a 'java/lang/NoSuchMethodError'{0x0000000718d771a8}: 'java.lang.Object java.lang.invoke.DelegatingMethodHandle$Holder.delegate(java.lang.Object, int, java.lang.Object, java.lang.Object)'> (0x0000000718d771a8) 
thrown [s\open\src\hotspot\share\interpreter\linkResolver.cpp, line 759]
Event: 0.529 Thread 0x000001a153d4f750 Exception <a 'java/lang/NoSuchMethodError'{0x0000000718d88030}: 'int java.lang.invoke.Invokers$Holder.linkToTargetMethod(java.lang.Object, java.lang.Object, java.lang.Object)'> (0x0000000718d88030) 
thrown [s\open\src\hotspot\share\interpreter\linkResolver.cpp, line 759]

VM Operations (14 events):
Event: 0.072 Executing VM operation: HandshakeAllThreads
Event: 0.072 Executing VM operation: HandshakeAllThreads done
Event: 0.154 Executing VM operation: HandshakeAllThreads
Event: 0.154 Executing VM operation: HandshakeAllThreads done
Event: 0.207 Executing VM operation: HandshakeAllThreads
Event: 0.207 Executing VM operation: HandshakeAllThreads done
Event: 0.313 Executing VM operation: HandshakeAllThreads
Event: 0.313 Executing VM operation: HandshakeAllThreads done
Event: 0.371 Executing VM operation: HandshakeAllThreads
Event: 0.371 Executing VM operation: HandshakeAllThreads done
Event: 0.485 Executing VM operation: HandshakeAllThreads
Event: 0.486 Executing VM operation: HandshakeAllThreads done
Event: 0.543 Executing VM operation: HandshakeAllThreads
Event: 0.543 Executing VM operation: HandshakeAllThreads done

Events (20 events):
Event: 0.503 loading class java/util/concurrent/FutureTask$WaitNode
Event: 0.503 loading class java/util/concurrent/FutureTask$WaitNode done
Event: 0.503 loading class java/util/concurrent/Callable
Event: 0.503 loading class java/util/concurrent/Callable done
Event: 0.526 loading class java/util/AbstractList$RandomAccessSubList
Event: 0.526 loading class java/util/AbstractList$SubList
Event: 0.526 loading class java/util/AbstractList$SubList done
Event: 0.526 loading class java/util/AbstractList$RandomAccessSubList done
Event: 0.526 loading class java/util/AbstractList$ListItr
Event: 0.526 loading class java/util/AbstractList$Itr
Event: 0.526 loading class java/util/AbstractList$Itr done
Event: 0.526 loading class java/util/AbstractList$ListItr done
Event: 0.526 loading class java/util/AbstractList$SubList$1
Event: 0.526 loading class java/util/AbstractList$SubList$1 done
Event: 0.527 loading class java/lang/invoke/MethodHandleImpl$CountingWrapper
Event: 0.527 loading class java/lang/invoke/MethodHandleImpl$CountingWrapper done
Event: 0.543 loading class java/util/DualPivotQuicksort
Event: 0.543 loading class java/util/DualPivotQuicksort done
Event: 0.543 loading class java/util/LinkedList$ListItr
Event: 0.543 loading class java/util/LinkedList$ListItr done


Dynamic libraries:
0x00007ff64cf00000 - 0x00007ff64cf10000 	C:\Program Files\Java\jdk-17\bin\javaw.exe
0x00007ffc5d350000 - 0x00007ffc5d567000 	C:\Windows\SYSTEM32\ntdll.dll
0x00007ffc5bfe0000 - 0x00007ffc5c0a4000 	C:\Windows\System32\KERNEL32.DLL
0x00007ffc5abb0000 - 0x00007ffc5af57000 	C:\Windows\System32\KERNELBASE.dll
0x00007ffc5af60000 - 0x00007ffc5b071000 	C:\Windows\System32\ucrtbase.dll
0x00007ffc314f0000 - 0x00007ffc3150b000 	C:\Program Files\Java\jdk-17\bin\VCRUNTIME140.dll
0x00007ffc3bcf0000 - 0x00007ffc3bd09000 	C:\Program Files\Java\jdk-17\bin\jli.dll
0x00007ffc5bd60000 - 0x00007ffc5be12000 	C:\Windows\System32\ADVAPI32.dll
0x00007ffc5c250000 - 0x00007ffc5c2f7000 	C:\Windows\System32\msvcrt.dll
0x00007ffc5d250000 - 0x00007ffc5d2f8000 	C:\Windows\System32\sechost.dll
0x00007ffc5a6e0000 - 0x00007ffc5a708000 	C:\Windows\System32\bcrypt.dll
0x00007ffc5c490000 - 0x00007ffc5c5a5000 	C:\Windows\System32\RPCRT4.dll
0x00007ffc5be20000 - 0x00007ffc5bfce000 	C:\Windows\System32\USER32.dll
0x00007ffc5a9e0000 - 0x00007ffc5aa06000 	C:\Windows\System32\win32u.dll
0x00007ffc4a6a0000 - 0x00007ffc4a933000 	C:\Windows\WinSxS\amd64_microsoft.windows.common-controls_6595b64144ccf1df_6.0.22621.3527_none_270e469b73872a76\COMCTL32.dll
0x00007ffc5ba80000 - 0x00007ffc5baa9000 	C:\Windows\System32\GDI32.dll
0x00007ffc5aa90000 - 0x00007ffc5aba9000 	C:\Windows\System32\gdi32full.dll
0x00007ffc5a880000 - 0x00007ffc5a91a000 	C:\Windows\System32\msvcp_win.dll
0x00007ffc4ecd0000 - 0x00007ffc4ecda000 	C:\Windows\SYSTEM32\VERSION.dll
0x00007ffc5ba40000 - 0x00007ffc5ba71000 	C:\Windows\System32\IMM32.DLL
0x00007ffc49960000 - 0x00007ffc4996c000 	C:\Program Files\Java\jdk-17\bin\vcruntime140_1.dll
0x00007ffc12980000 - 0x00007ffc12a0e000 	C:\Program Files\Java\jdk-17\bin\msvcp140.dll
0x00007ffbf29d0000 - 0x00007ffbf35b0000 	C:\Program Files\Java\jdk-17\bin\server\jvm.dll
0x00007ffc5c400000 - 0x00007ffc5c408000 	C:\Windows\System32\PSAPI.DLL
0x00007ffc34d40000 - 0x00007ffc34d49000 	C:\Windows\SYSTEM32\WSOCK32.dll
0x00007ffc57320000 - 0x00007ffc57354000 	C:\Windows\SYSTEM32\WINMM.dll
0x00007ffc5c410000 - 0x00007ffc5c481000 	C:\Windows\System32\WS2_32.dll
0x00007ffc59670000 - 0x00007ffc59688000 	C:\Windows\SYSTEM32\kernel.appcore.dll
0x00007ffc574e0000 - 0x00007ffc574ea000 	C:\Program Files\Java\jdk-17\bin\jimage.dll
0x00007ffc57ed0000 - 0x00007ffc58102000 	C:\Windows\SYSTEM32\DBGHELP.DLL
0x00007ffc5c910000 - 0x00007ffc5cc98000 	C:\Windows\System32\combase.dll
0x00007ffc5ccf0000 - 0x00007ffc5cdc7000 	C:\Windows\System32\OLEAUT32.dll
0x00007ffc572e0000 - 0x00007ffc57312000 	C:\Windows\SYSTEM32\dbgcore.DLL
0x00007ffc5aa10000 - 0x00007ffc5aa89000 	C:\Windows\System32\bcryptPrimitives.dll
0x00007ffc52dc0000 - 0x00007ffc52de5000 	C:\Program Files\Java\jdk-17\bin\java.dll
0x00007ffc316e0000 - 0x00007ffc317b7000 	C:\Program Files\Java\jdk-17\bin\jsvml.dll
0x00007ffc5b080000 - 0x00007ffc5b8dc000 	C:\Windows\System32\SHELL32.dll
0x00007ffc58560000 - 0x00007ffc58e56000 	C:\Windows\SYSTEM32\windows.storage.dll
0x00007ffc58420000 - 0x00007ffc5855e000 	C:\Windows\SYSTEM32\wintypes.dll
0x00007ffc5bab0000 - 0x00007ffc5bba5000 	C:\Windows\System32\SHCORE.dll
0x00007ffc5c0b0000 - 0x00007ffc5c10e000 	C:\Windows\System32\shlwapi.dll
0x00007ffc5a5a0000 - 0x00007ffc5a5c1000 	C:\Windows\SYSTEM32\profapi.dll
0x00007ffc48e30000 - 0x00007ffc48e49000 	C:\Program Files\Java\jdk-17\bin\net.dll
0x00007ffc54120000 - 0x00007ffc54256000 	C:\Windows\SYSTEM32\WINHTTP.dll
0x00007ffc59b00000 - 0x00007ffc59b69000 	C:\Windows\system32\mswsock.dll
0x00007ffc39480000 - 0x00007ffc39496000 	C:\Program Files\Java\jdk-17\bin\nio.dll
0x00007ffc316c0000 - 0x00007ffc316d8000 	C:\Program Files\Java\jdk-17\bin\zip.dll

dbghelp: loaded successfully - version: 4.0.5 - missing functions: none
symbol engine: initialized successfully - sym options: 0x614 - pdb path: .;C:\Program Files\Java\jdk-17\bin;C:\Windows\SYSTEM32;C:\Windows\WinSxS\amd64_microsoft.windows.common-controls_6595b64144ccf1df_6.0.22621.3527_none_270e469b73872a76;C:\Program Files\Java\jdk-17\bin\server

VM Arguments:
jvm_args: -Dfile.encoding=UTF-8 -Dstdout.encoding=UTF-8 -Dstderr.encoding=UTF-8 -XX:+ShowCodeDetailsInExceptionMessages 
java_command: com.infosys.JdbcTemplateDemo.App
java_class_path (initial): D:\workspace\JdbcTemplateDemo\target\classes;C:\Users\aayus\.m2\repository\org\springframework\spring-context\6.1.6\spring-context-6.1.6.jar;C:\Users\aayus\.m2\repository\org\springframework\spring-aop\6.1.6\spring-aop-6.1.6.jar;C:\Users\aayus\.m2\repository\org\springframework\spring-beans\6.1.6\spring-beans-6.1.6.jar;C:\Users\aayus\.m2\repository\org\springframework\spring-core\6.1.6\spring-core-6.1.6.jar;C:\Users\aayus\.m2\repository\org\springframework\spring-jcl\6.1.6\spring-jcl-6.1.6.jar;C:\Users\aayus\.m2\repository\org\springframework\spring-expression\6.1.6\spring-expression-6.1.6.jar;C:\Users\aayus\.m2\repository\io\micrometer\micrometer-observation\1.12.5\micrometer-observation-1.12.5.jar;C:\Users\aayus\.m2\repository\io\micrometer\micrometer-commons\1.12.5\micrometer-commons-1.12.5.jar;C:\Users\aayus\.m2\repository\org\springframework\spring-jdbc\6.1.6\spring-jdbc-6.1.6.jar;C:\Users\aayus\.m2\repository\org\springframework\spring-tx\6.1.6\spring-tx-6.1.6.jar;C:\Users\aayus\.m2\repository\org\postgresql\postgresql\42.7.3\postgresql-42.7.3.jar;C:\Users\aayus\.m2\repository\org\checkerframework\checker-qual\3.42.0\checker-qual-3.42.0.jar
Launcher Type: SUN_STANDARD

[Global flags]
     intx CICompilerCount                          = 4                                         {product} {ergonomic}
     uint ConcGCThreads                            = 3                                         {product} {ergonomic}
     uint G1ConcRefinementThreads                  = 10                                        {product} {ergonomic}
   size_t G1HeapRegionSize                         = 2097152                                   {product} {ergonomic}
    uintx GCDrainStackTargetSize                   = 64                                        {product} {ergonomic}
   size_t InitialHeapSize                          = 257949696                                 {product} {ergonomic}
   size_t MarkStackSize                            = 4194304                                   {product} {ergonomic}
   size_t MaxHeapSize                              = 4118806528                                {product} {ergonomic}
   size_t MaxNewSize                               = 2470445056                                {product} {ergonomic}
   size_t MinHeapDeltaBytes                        = 2097152                                   {product} {ergonomic}
   size_t MinHeapSize                              = 8388608                                   {product} {ergonomic}
    uintx NonNMethodCodeHeapSize                   = 5839372                                {pd product} {ergonomic}
    uintx NonProfiledCodeHeapSize                  = 122909434                              {pd product} {ergonomic}
    uintx ProfiledCodeHeapSize                     = 122909434                              {pd product} {ergonomic}
    uintx ReservedCodeCacheSize                    = 251658240                              {pd product} {ergonomic}
     bool SegmentedCodeCache                       = true                                      {product} {ergonomic}
     bool ShowCodeDetailsInExceptionMessages       = true                                   {manageable} {command line}
   size_t SoftMaxHeapSize                          = 4118806528                             {manageable} {ergonomic}
     bool UseCompressedClassPointers               = true                           {product lp64_product} {ergonomic}
     bool UseCompressedOops                        = true                           {product lp64_product} {ergonomic}
     bool UseG1GC                                  = true                                      {product} {ergonomic}
     bool UseLargePagesIndividualAllocation        = false                                  {pd product} {ergonomic}

Logging:
Log output configuration:
 #0: stdout all=warning uptime,level,tags
 #1: stderr all=off uptime,level,tags

Environment Variables:
PATH=C:/Program Files/Java/jdk-17/bin/server;C:/Program Files/Java/jdk-17/bin;C:\Program Files\Common Files\Oracle\Java\javapath;C:\Windows\system32;C:\Windows;C:\Windows\System32\Wbem;C:\Windows\System32\WindowsPowerShell\v1.0\;C:\Windows\System32\OpenSSH\;C:\Program Files\nodejs\;D:\software\mongodb-windows-x86_64-7.0.5\mongodb-win32-x86_64-windows-7.0.5\bin;D:\software\mongosh-2.1.1-win32-x64\mongosh-2.1.1-win32-x64\bin;C:\Users\aayus\AppData\Local\Programs\Python\Python312\;C:\Program Files\Java\jdk-17\bin;C:\Program Files\MySQL\MySQL Shell 8.0\bin\;C:\Users\aayus\AppData\Local\Microsoft\WindowsApps;C:\Program Files\Java\jdk-17\bin;C:\Users\aayus\AppData\Local\Programs\Microsoft VS Code\bin;C:\Users\aayus\AppData\Roaming\npm;C:\Program Files\nodejs;D:\software\mongodb-windows-x86_64-7.0.5\mongodb-win32-x86_64-windows-7.0.5\bin;D:\software\mongosh-2.1.1-win32-x64\mongosh-2.1.1-win32-x64\bin;C:\Users\aayus\AppData\Local\Programs\Python\Python312\;;C:\Windows\System32;
USERNAME=aayus
OS=Windows_NT
PROCESSOR_IDENTIFIER=AMD64 Family 23 Model 104 Stepping 1, AuthenticAMD



---------------  S Y S T E M  ---------------

OS:
 Windows 11 , 64 bit Build 22621 (10.0.22621.3527)
OS uptime: 12 days 23:19 hours
Hyper-V role detected

CPU: total 12 (initial active 12) (12 cores per cpu, 2 threads per core) family 23 model 104 stepping 1 microcode 0x0, cx8, cmov, fxsr, ht, mmx, 3dnowpref, sse, sse2, sse3, ssse3, sse4a, sse4.1, sse4.2, popcnt, lzcnt, tsc, tscinvbit, avx, avx2, aes, clmul, bmi1, bmi2, adx, sha, fma, vzeroupper, clflush, clflushopt, hv

Memory: 4k page, system-wide physical 15709M (7961M free)
TotalPageFile size 32953M (AvailPageFile size 5M)
current process WorkingSet (physical memory assigned to process): 72M, peak: 72M
current process commit charge ("private bytes"): 353M, peak: 353M

vm_info: Java HotSpot(TM) 64-Bit Server VM (17.0.11+7-LTS-207) for windows-amd64 JRE (17.0.11+7-LTS-207), built on Mar 11 2024 19:01:50 by "mach5one" with MS VC++ 17.6 (VS2022)

END.
